2017-06-29 22:13:40,121 - Log4JLogChute initialized using file 'D:\workstation\babasports\WebRoot\WEB-INF\log\velocity.log'
2017-06-29 22:13:40,122 - Initializing Velocity, Calling init()...
2017-06-29 22:13:40,122 - Starting Apache Velocity v1.7 (compiled: 2010-11-19 12:14:37)
2017-06-29 22:13:40,122 - Default Properties File: org\apache\velocity\runtime\defaults\velocity.properties
2017-06-29 22:13:40,122 - Trying to use logger class org.apache.velocity.runtime.log.AvalonLogChute
2017-06-29 22:13:40,122 - Target log system for org.apache.velocity.runtime.log.AvalonLogChute is not available (java.lang.NoClassDefFoundError: org/apache/log/format/Formatter).  Falling back to next log system...
2017-06-29 22:13:40,123 - Trying to use logger class org.apache.velocity.runtime.log.Log4JLogChute
2017-06-29 22:13:40,123 - Using logger class org.apache.velocity.runtime.log.Log4JLogChute
2017-06-29 22:13:40,151 - ResourceLoader instantiated: org.apache.velocity.runtime.resource.loader.FileResourceLoader
2017-06-29 22:13:40,160 - Do unicode file recognition:  false
2017-06-29 22:13:40,160 - FileResourceLoader : adding path 'D:\workstation\babasports\WebRoot\WEB-INF\vm'
2017-06-29 22:13:40,182 - ResourceCache: initialized (class org.apache.velocity.runtime.resource.ResourceCacheImpl) with class java.util.Collections$SynchronizedMap cache map.
2017-06-29 22:13:40,193 - Loaded System Directive: org.apache.velocity.runtime.directive.Stop
2017-06-29 22:13:40,202 - Loaded System Directive: org.apache.velocity.runtime.directive.Define
2017-06-29 22:13:40,207 - Loaded System Directive: org.apache.velocity.runtime.directive.Break
2017-06-29 22:13:40,212 - Loaded System Directive: org.apache.velocity.runtime.directive.Evaluate
2017-06-29 22:13:40,215 - Loaded System Directive: org.apache.velocity.runtime.directive.Literal
2017-06-29 22:13:40,225 - Loaded System Directive: org.apache.velocity.runtime.directive.Macro
2017-06-29 22:13:40,231 - Loaded System Directive: org.apache.velocity.runtime.directive.Parse
2017-06-29 22:13:40,239 - Loaded System Directive: org.apache.velocity.runtime.directive.Include
2017-06-29 22:13:40,244 - Loaded System Directive: org.apache.velocity.runtime.directive.Foreach
2017-06-29 22:13:40,400 - Created '20' parsers.
2017-06-29 22:13:40,432 - Velocimacro : "velocimacro.library" is not set.  Trying default library: VM_global_library.vm
2017-06-29 22:13:40,433 - Velocimacro : Default library not found.
2017-06-29 22:13:40,433 - Velocimacro : allowInline = true : VMs can be defined inline in templates
2017-06-29 22:13:40,433 - Velocimacro : allowInlineToOverride = false : VMs defined inline may NOT replace previous VM definitions
2017-06-29 22:13:40,433 - Velocimacro : allowInlineLocal = false : VMs defined inline will be global in scope if allowed.
2017-06-29 22:13:40,433 - Velocimacro : autoload off : VM system will not automatically reload global library macros
2017-06-29 22:13:40,725 - ResourceManager : found product/productview.html with loader org.apache.velocity.runtime.resource.loader.FileResourceLoader
2017-06-29 22:13:40,764 - Null reference [template 'product/productview.html', line 17, column 152] : ${product.type.typeid} cannot be resolved.
2017-06-29 22:13:40,764 - Null reference [template 'product/productview.html', line 17, column 176] : ${product.type.name} cannot be resolved.
2017-06-29 22:16:08,291 - ResourceManager : found product/productview.html with loader org.apache.velocity.runtime.resource.loader.FileResourceLoader
2017-06-29 22:16:08,294 - Null reference [template 'product/productview.html', line 17, column 152] : ${product.type.typeid} cannot be resolved.
2017-06-29 22:16:08,294 - Null reference [template 'product/productview.html', line 17, column 176] : ${product.type.name} cannot be resolved.
2017-06-29 22:21:29,730 - ResourceManager : found product/productview.html with loader org.apache.velocity.runtime.resource.loader.FileResourceLoader
2017-06-29 22:21:29,732 - Null reference [template 'product/productview.html', line 17, column 152] : ${product.type.typeid} cannot be resolved.
2017-06-29 22:21:29,733 - Null reference [template 'product/productview.html', line 17, column 176] : ${product.type.name} cannot be resolved.
2017-06-29 22:44:09,641 - Log4JLogChute initialized using file 'D:\workstation\babasports\WebRoot\WEB-INF\log\velocity.log'
2017-06-29 22:44:09,643 - Initializing Velocity, Calling init()...
2017-06-29 22:44:09,644 - Starting Apache Velocity v1.7 (compiled: 2010-11-19 12:14:37)
2017-06-29 22:44:09,644 - Default Properties File: org\apache\velocity\runtime\defaults\velocity.properties
2017-06-29 22:44:09,644 - Trying to use logger class org.apache.velocity.runtime.log.AvalonLogChute
2017-06-29 22:44:09,644 - Target log system for org.apache.velocity.runtime.log.AvalonLogChute is not available (java.lang.NoClassDefFoundError: org/apache/log/format/Formatter).  Falling back to next log system...
2017-06-29 22:44:09,644 - Trying to use logger class org.apache.velocity.runtime.log.Log4JLogChute
2017-06-29 22:44:09,644 - Using logger class org.apache.velocity.runtime.log.Log4JLogChute
2017-06-29 22:44:09,668 - ResourceLoader instantiated: org.apache.velocity.runtime.resource.loader.FileResourceLoader
2017-06-29 22:44:09,674 - Do unicode file recognition:  false
2017-06-29 22:44:09,675 - FileResourceLoader : adding path 'D:\workstation\babasports\WebRoot\WEB-INF\vm'
2017-06-29 22:44:09,691 - ResourceCache: initialized (class org.apache.velocity.runtime.resource.ResourceCacheImpl) with class java.util.Collections$SynchronizedMap cache map.
2017-06-29 22:44:09,699 - Loaded System Directive: org.apache.velocity.runtime.directive.Stop
2017-06-29 22:44:09,706 - Loaded System Directive: org.apache.velocity.runtime.directive.Define
2017-06-29 22:44:09,710 - Loaded System Directive: org.apache.velocity.runtime.directive.Break
2017-06-29 22:44:09,715 - Loaded System Directive: org.apache.velocity.runtime.directive.Evaluate
2017-06-29 22:44:09,719 - Loaded System Directive: org.apache.velocity.runtime.directive.Literal
2017-06-29 22:44:09,726 - Loaded System Directive: org.apache.velocity.runtime.directive.Macro
2017-06-29 22:44:09,732 - Loaded System Directive: org.apache.velocity.runtime.directive.Parse
2017-06-29 22:44:09,740 - Loaded System Directive: org.apache.velocity.runtime.directive.Include
2017-06-29 22:44:09,745 - Loaded System Directive: org.apache.velocity.runtime.directive.Foreach
2017-06-29 22:44:09,865 - Created '20' parsers.
2017-06-29 22:44:09,891 - Velocimacro : "velocimacro.library" is not set.  Trying default library: VM_global_library.vm
2017-06-29 22:44:09,891 - Velocimacro : Default library not found.
2017-06-29 22:44:09,891 - Velocimacro : allowInline = true : VMs can be defined inline in templates
2017-06-29 22:44:09,891 - Velocimacro : allowInlineToOverride = false : VMs defined inline may NOT replace previous VM definitions
2017-06-29 22:44:09,892 - Velocimacro : allowInlineLocal = false : VMs defined inline will be global in scope if allowed.
2017-06-29 22:44:09,892 - Velocimacro : autoload off : VM system will not automatically reload global library macros
2017-06-29 22:44:10,108 - ResourceManager : found product/productview.html with loader org.apache.velocity.runtime.resource.loader.FileResourceLoader
2017-06-29 22:44:10,146 - Null reference [template 'product/productview.html', line 17, column 152] : ${product.type.typeid} cannot be resolved.
2017-06-29 22:44:10,147 - Null reference [template 'product/productview.html', line 17, column 176] : ${product.type.name} cannot be resolved.
2017-06-29 22:57:21,521 - Log4JLogChute initialized using file 'D:\workstation\babasports\WebRoot\WEB-INF\log\velocity.log'
2017-06-29 22:57:21,523 - Initializing Velocity, Calling init()...
2017-06-29 22:57:21,523 - Starting Apache Velocity v1.7 (compiled: 2010-11-19 12:14:37)
2017-06-29 22:57:21,523 - Default Properties File: org\apache\velocity\runtime\defaults\velocity.properties
2017-06-29 22:57:21,523 - Trying to use logger class org.apache.velocity.runtime.log.AvalonLogChute
2017-06-29 22:57:21,523 - Target log system for org.apache.velocity.runtime.log.AvalonLogChute is not available (java.lang.NoClassDefFoundError: org/apache/log/format/Formatter).  Falling back to next log system...
2017-06-29 22:57:21,523 - Trying to use logger class org.apache.velocity.runtime.log.Log4JLogChute
2017-06-29 22:57:21,524 - Using logger class org.apache.velocity.runtime.log.Log4JLogChute
2017-06-29 22:57:21,547 - ResourceLoader instantiated: org.apache.velocity.runtime.resource.loader.FileResourceLoader
2017-06-29 22:57:21,555 - Do unicode file recognition:  false
2017-06-29 22:57:21,555 - FileResourceLoader : adding path 'D:\workstation\babasports\WebRoot\WEB-INF\vm'
2017-06-29 22:57:21,572 - ResourceCache: initialized (class org.apache.velocity.runtime.resource.ResourceCacheImpl) with class java.util.Collections$SynchronizedMap cache map.
2017-06-29 22:57:21,579 - Loaded System Directive: org.apache.velocity.runtime.directive.Stop
2017-06-29 22:57:21,586 - Loaded System Directive: org.apache.velocity.runtime.directive.Define
2017-06-29 22:57:21,590 - Loaded System Directive: org.apache.velocity.runtime.directive.Break
2017-06-29 22:57:21,594 - Loaded System Directive: org.apache.velocity.runtime.directive.Evaluate
2017-06-29 22:57:21,598 - Loaded System Directive: org.apache.velocity.runtime.directive.Literal
2017-06-29 22:57:21,606 - Loaded System Directive: org.apache.velocity.runtime.directive.Macro
2017-06-29 22:57:21,612 - Loaded System Directive: org.apache.velocity.runtime.directive.Parse
2017-06-29 22:57:21,620 - Loaded System Directive: org.apache.velocity.runtime.directive.Include
2017-06-29 22:57:21,625 - Loaded System Directive: org.apache.velocity.runtime.directive.Foreach
2017-06-29 22:57:21,752 - Created '20' parsers.
2017-06-29 22:57:21,782 - Velocimacro : "velocimacro.library" is not set.  Trying default library: VM_global_library.vm
2017-06-29 22:57:21,783 - Velocimacro : Default library not found.
2017-06-29 22:57:21,783 - Velocimacro : allowInline = true : VMs can be defined inline in templates
2017-06-29 22:57:21,784 - Velocimacro : allowInlineToOverride = false : VMs defined inline may NOT replace previous VM definitions
2017-06-29 22:57:21,784 - Velocimacro : allowInlineLocal = false : VMs defined inline will be global in scope if allowed.
2017-06-29 22:57:21,784 - Velocimacro : autoload off : VM system will not automatically reload global library macros
2017-06-29 22:57:22,005 - ResourceManager : found product/productview.html with loader org.apache.velocity.runtime.resource.loader.FileResourceLoader
2017-06-29 22:57:22,043 - Null reference [template 'product/productview.html', line 17, column 152] : ${product.type.typeid} cannot be resolved.
2017-06-29 22:57:22,044 - Null reference [template 'product/productview.html', line 17, column 176] : ${product.type.name} cannot be resolved.
2017-06-29 22:59:45,528 - ResourceManager : found product/productview.html with loader org.apache.velocity.runtime.resource.loader.FileResourceLoader
2017-06-29 22:59:45,531 - Null reference [template 'product/productview.html', line 17, column 152] : ${product.type.typeid} cannot be resolved.
2017-06-29 22:59:45,531 - Null reference [template 'product/productview.html', line 17, column 176] : ${product.type.name} cannot be resolved.
2017-06-29 23:01:11,705 - Log4JLogChute initialized using file 'D:\workstation\babasports\WebRoot\WEB-INF\log\velocity.log'
2017-06-29 23:01:11,706 - Initializing Velocity, Calling init()...
2017-06-29 23:01:11,706 - Starting Apache Velocity v1.7 (compiled: 2010-11-19 12:14:37)
2017-06-29 23:01:11,706 - Default Properties File: org\apache\velocity\runtime\defaults\velocity.properties
2017-06-29 23:01:11,706 - Trying to use logger class org.apache.velocity.runtime.log.AvalonLogChute
2017-06-29 23:01:11,706 - Target log system for org.apache.velocity.runtime.log.AvalonLogChute is not available (java.lang.NoClassDefFoundError: org/apache/log/format/Formatter).  Falling back to next log system...
2017-06-29 23:01:11,707 - Trying to use logger class org.apache.velocity.runtime.log.Log4JLogChute
2017-06-29 23:01:11,707 - Using logger class org.apache.velocity.runtime.log.Log4JLogChute
2017-06-29 23:01:11,730 - ResourceLoader instantiated: org.apache.velocity.runtime.resource.loader.FileResourceLoader
2017-06-29 23:01:11,738 - Do unicode file recognition:  false
2017-06-29 23:01:11,738 - FileResourceLoader : adding path 'D:\workstation\babasports\WebRoot\WEB-INF\vm'
2017-06-29 23:01:11,754 - ResourceCache: initialized (class org.apache.velocity.runtime.resource.ResourceCacheImpl) with class java.util.Collections$SynchronizedMap cache map.
2017-06-29 23:01:11,762 - Loaded System Directive: org.apache.velocity.runtime.directive.Stop
2017-06-29 23:01:11,769 - Loaded System Directive: org.apache.velocity.runtime.directive.Define
2017-06-29 23:01:11,773 - Loaded System Directive: org.apache.velocity.runtime.directive.Break
2017-06-29 23:01:11,777 - Loaded System Directive: org.apache.velocity.runtime.directive.Evaluate
2017-06-29 23:01:11,780 - Loaded System Directive: org.apache.velocity.runtime.directive.Literal
2017-06-29 23:01:11,787 - Loaded System Directive: org.apache.velocity.runtime.directive.Macro
2017-06-29 23:01:11,793 - Loaded System Directive: org.apache.velocity.runtime.directive.Parse
2017-06-29 23:01:11,801 - Loaded System Directive: org.apache.velocity.runtime.directive.Include
2017-06-29 23:01:11,806 - Loaded System Directive: org.apache.velocity.runtime.directive.Foreach
2017-06-29 23:01:11,936 - Created '20' parsers.
2017-06-29 23:01:11,968 - Velocimacro : "velocimacro.library" is not set.  Trying default library: VM_global_library.vm
2017-06-29 23:01:11,968 - Velocimacro : Default library not found.
2017-06-29 23:01:11,969 - Velocimacro : allowInline = true : VMs can be defined inline in templates
2017-06-29 23:01:11,969 - Velocimacro : allowInlineToOverride = false : VMs defined inline may NOT replace previous VM definitions
2017-06-29 23:01:11,969 - Velocimacro : allowInlineLocal = false : VMs defined inline will be global in scope if allowed.
2017-06-29 23:01:11,969 - Velocimacro : autoload off : VM system will not automatically reload global library macros
2017-06-29 23:01:12,184 - ResourceManager : found product/productview.html with loader org.apache.velocity.runtime.resource.loader.FileResourceLoader
2017-06-29 23:01:12,223 - Null reference [template 'product/productview.html', line 17, column 152] : ${product.type.typeid} cannot be resolved.
2017-06-29 23:10:54,806 - Log4JLogChute initialized using file 'D:\workstation\babasports\WebRoot\WEB-INF\log\velocity.log'
2017-06-29 23:10:54,807 - Initializing Velocity, Calling init()...
2017-06-29 23:10:54,808 - Starting Apache Velocity v1.7 (compiled: 2010-11-19 12:14:37)
2017-06-29 23:10:54,808 - Default Properties File: org\apache\velocity\runtime\defaults\velocity.properties
2017-06-29 23:10:54,808 - Trying to use logger class org.apache.velocity.runtime.log.AvalonLogChute
2017-06-29 23:10:54,808 - Target log system for org.apache.velocity.runtime.log.AvalonLogChute is not available (java.lang.NoClassDefFoundError: org/apache/log/format/Formatter).  Falling back to next log system...
2017-06-29 23:10:54,808 - Trying to use logger class org.apache.velocity.runtime.log.Log4JLogChute
2017-06-29 23:10:54,809 - Using logger class org.apache.velocity.runtime.log.Log4JLogChute
2017-06-29 23:10:54,835 - ResourceLoader instantiated: org.apache.velocity.runtime.resource.loader.FileResourceLoader
2017-06-29 23:10:54,844 - Do unicode file recognition:  false
2017-06-29 23:10:54,845 - FileResourceLoader : adding path 'D:\workstation\babasports\WebRoot\WEB-INF\vm'
2017-06-29 23:10:54,862 - ResourceCache: initialized (class org.apache.velocity.runtime.resource.ResourceCacheImpl) with class java.util.Collections$SynchronizedMap cache map.
2017-06-29 23:10:54,872 - Loaded System Directive: org.apache.velocity.runtime.directive.Stop
2017-06-29 23:10:54,880 - Loaded System Directive: org.apache.velocity.runtime.directive.Define
2017-06-29 23:10:54,884 - Loaded System Directive: org.apache.velocity.runtime.directive.Break
2017-06-29 23:10:54,889 - Loaded System Directive: org.apache.velocity.runtime.directive.Evaluate
2017-06-29 23:10:54,892 - Loaded System Directive: org.apache.velocity.runtime.directive.Literal
2017-06-29 23:10:54,900 - Loaded System Directive: org.apache.velocity.runtime.directive.Macro
2017-06-29 23:10:54,906 - Loaded System Directive: org.apache.velocity.runtime.directive.Parse
2017-06-29 23:10:54,913 - Loaded System Directive: org.apache.velocity.runtime.directive.Include
2017-06-29 23:10:54,918 - Loaded System Directive: org.apache.velocity.runtime.directive.Foreach
2017-06-29 23:10:55,055 - Created '20' parsers.
2017-06-29 23:10:55,090 - Velocimacro : "velocimacro.library" is not set.  Trying default library: VM_global_library.vm
2017-06-29 23:10:55,090 - Velocimacro : Default library not found.
2017-06-29 23:10:55,090 - Velocimacro : allowInline = true : VMs can be defined inline in templates
2017-06-29 23:10:55,091 - Velocimacro : allowInlineToOverride = false : VMs defined inline may NOT replace previous VM definitions
2017-06-29 23:10:55,091 - Velocimacro : allowInlineLocal = false : VMs defined inline will be global in scope if allowed.
2017-06-29 23:10:55,091 - Velocimacro : autoload off : VM system will not automatically reload global library macros
2017-06-29 23:10:55,384 - ResourceManager : found product/productview.html with loader org.apache.velocity.runtime.resource.loader.FileResourceLoader
2017-06-29 23:10:55,431 - Null reference [template 'product/productview.html', line 17, column 152] : ${product.type.typeid} cannot be resolved.
2017-06-29 23:11:02,212 - ResourceManager : found product/productview.html with loader org.apache.velocity.runtime.resource.loader.FileResourceLoader
2017-06-29 23:11:02,214 - Null reference [template 'product/productview.html', line 17, column 152] : ${product.type.typeid} cannot be resolved.
2017-06-30 12:24:59,002 - Log4JLogChute initialized using file 'D:\workstation\babasports\WebRoot\WEB-INF\log\velocity.log'
2017-06-30 12:24:59,022 - Initializing Velocity, Calling init()...
2017-06-30 12:24:59,022 - Starting Apache Velocity v1.7 (compiled: 2010-11-19 12:14:37)
2017-06-30 12:24:59,023 - Default Properties File: org\apache\velocity\runtime\defaults\velocity.properties
2017-06-30 12:24:59,023 - Trying to use logger class org.apache.velocity.runtime.log.AvalonLogChute
2017-06-30 12:24:59,023 - Target log system for org.apache.velocity.runtime.log.AvalonLogChute is not available (java.lang.NoClassDefFoundError: org/apache/log/format/Formatter).  Falling back to next log system...
2017-06-30 12:24:59,023 - Trying to use logger class org.apache.velocity.runtime.log.Log4JLogChute
2017-06-30 12:24:59,023 - Using logger class org.apache.velocity.runtime.log.Log4JLogChute
2017-06-30 12:24:59,048 - ResourceLoader instantiated: org.apache.velocity.runtime.resource.loader.FileResourceLoader
2017-06-30 12:24:59,055 - Do unicode file recognition:  false
2017-06-30 12:24:59,055 - FileResourceLoader : adding path 'D:\workstation\babasports\WebRoot\WEB-INF\vm'
2017-06-30 12:24:59,113 - ResourceCache: initialized (class org.apache.velocity.runtime.resource.ResourceCacheImpl) with class java.util.Collections$SynchronizedMap cache map.
2017-06-30 12:24:59,119 - Loaded System Directive: org.apache.velocity.runtime.directive.Stop
2017-06-30 12:24:59,124 - Loaded System Directive: org.apache.velocity.runtime.directive.Define
2017-06-30 12:24:59,128 - Loaded System Directive: org.apache.velocity.runtime.directive.Break
2017-06-30 12:24:59,132 - Loaded System Directive: org.apache.velocity.runtime.directive.Evaluate
2017-06-30 12:24:59,135 - Loaded System Directive: org.apache.velocity.runtime.directive.Literal
2017-06-30 12:24:59,141 - Loaded System Directive: org.apache.velocity.runtime.directive.Macro
2017-06-30 12:24:59,146 - Loaded System Directive: org.apache.velocity.runtime.directive.Parse
2017-06-30 12:24:59,154 - Loaded System Directive: org.apache.velocity.runtime.directive.Include
2017-06-30 12:24:59,159 - Loaded System Directive: org.apache.velocity.runtime.directive.Foreach
2017-06-30 12:24:59,275 - Created '20' parsers.
2017-06-30 12:24:59,296 - Velocimacro : "velocimacro.library" is not set.  Trying default library: VM_global_library.vm
2017-06-30 12:24:59,296 - Velocimacro : Default library not found.
2017-06-30 12:24:59,297 - Velocimacro : allowInline = true : VMs can be defined inline in templates
2017-06-30 12:24:59,297 - Velocimacro : allowInlineToOverride = false : VMs defined inline may NOT replace previous VM definitions
2017-06-30 12:24:59,297 - Velocimacro : allowInlineLocal = false : VMs defined inline will be global in scope if allowed.
2017-06-30 12:24:59,297 - Velocimacro : autoload off : VM system will not automatically reload global library macros
2017-06-30 12:24:59,389 - ResourceManager : found product/productview.html with loader org.apache.velocity.runtime.resource.loader.FileResourceLoader
2017-06-30 12:24:59,427 - Null reference [template 'product/productview.html', line 17, column 152] : ${product.type.typeid} cannot be resolved.
2017-06-30 12:30:47,782 - ResourceManager : found product/productview.html with loader org.apache.velocity.runtime.resource.loader.FileResourceLoader
2017-06-30 12:30:47,784 - Null reference [template 'product/productview.html', line 17, column 152] : ${product.type.typeid} cannot be resolved.
2017-06-30 12:52:55,172 - Log4JLogChute initialized using file 'D:\workstation\babasports\WebRoot\WEB-INF\log\velocity.log'
2017-06-30 12:52:55,173 - Initializing Velocity, Calling init()...
2017-06-30 12:52:55,173 - Starting Apache Velocity v1.7 (compiled: 2010-11-19 12:14:37)
2017-06-30 12:52:55,174 - Default Properties File: org\apache\velocity\runtime\defaults\velocity.properties
2017-06-30 12:52:55,174 - Trying to use logger class org.apache.velocity.runtime.log.AvalonLogChute
2017-06-30 12:52:55,174 - Target log system for org.apache.velocity.runtime.log.AvalonLogChute is not available (java.lang.NoClassDefFoundError: org/apache/log/format/Formatter).  Falling back to next log system...
2017-06-30 12:52:55,174 - Trying to use logger class org.apache.velocity.runtime.log.Log4JLogChute
2017-06-30 12:52:55,174 - Using logger class org.apache.velocity.runtime.log.Log4JLogChute
2017-06-30 12:52:55,197 - ResourceLoader instantiated: org.apache.velocity.runtime.resource.loader.FileResourceLoader
2017-06-30 12:52:55,204 - Do unicode file recognition:  false
2017-06-30 12:52:55,204 - FileResourceLoader : adding path 'D:\workstation\babasports\WebRoot\WEB-INF\vm'
2017-06-30 12:52:55,220 - ResourceCache: initialized (class org.apache.velocity.runtime.resource.ResourceCacheImpl) with class java.util.Collections$SynchronizedMap cache map.
2017-06-30 12:52:55,226 - Loaded System Directive: org.apache.velocity.runtime.directive.Stop
2017-06-30 12:52:55,234 - Loaded System Directive: org.apache.velocity.runtime.directive.Define
2017-06-30 12:52:55,237 - Loaded System Directive: org.apache.velocity.runtime.directive.Break
2017-06-30 12:52:55,241 - Loaded System Directive: org.apache.velocity.runtime.directive.Evaluate
2017-06-30 12:52:55,244 - Loaded System Directive: org.apache.velocity.runtime.directive.Literal
2017-06-30 12:52:55,251 - Loaded System Directive: org.apache.velocity.runtime.directive.Macro
2017-06-30 12:52:55,257 - Loaded System Directive: org.apache.velocity.runtime.directive.Parse
2017-06-30 12:52:55,265 - Loaded System Directive: org.apache.velocity.runtime.directive.Include
2017-06-30 12:52:55,269 - Loaded System Directive: org.apache.velocity.runtime.directive.Foreach
2017-06-30 12:52:55,391 - Created '20' parsers.
2017-06-30 12:52:55,424 - Velocimacro : "velocimacro.library" is not set.  Trying default library: VM_global_library.vm
2017-06-30 12:52:55,424 - Velocimacro : Default library not found.
2017-06-30 12:52:55,424 - Velocimacro : allowInline = true : VMs can be defined inline in templates
2017-06-30 12:52:55,425 - Velocimacro : allowInlineToOverride = false : VMs defined inline may NOT replace previous VM definitions
2017-06-30 12:52:55,425 - Velocimacro : allowInlineLocal = false : VMs defined inline will be global in scope if allowed.
2017-06-30 12:52:55,425 - Velocimacro : autoload off : VM system will not automatically reload global library macros
2017-06-30 12:52:55,621 - ResourceManager : found product/productview.html with loader org.apache.velocity.runtime.resource.loader.FileResourceLoader
2017-06-30 12:52:55,661 - Null reference [template 'product/productview.html', line 17, column 152] : ${product.type.typeid} cannot be resolved.
2017-06-30 12:52:55,662 - Null reference [template 'product/productview.html', line 17, column 176] : ${product.type.name} cannot be resolved.
2017-06-30 12:53:08,855 - ResourceManager : found product/productview.html with loader org.apache.velocity.runtime.resource.loader.FileResourceLoader
2017-06-30 12:53:08,857 - Null reference [template 'product/productview.html', line 17, column 152] : ${product.type.typeid} cannot be resolved.
2017-06-30 12:53:08,858 - Null reference [template 'product/productview.html', line 17, column 176] : ${product.type.name} cannot be resolved.
2017-06-30 13:11:39,165 - Log4JLogChute initialized using file 'D:\workstation\babasports\WebRoot\WEB-INF\log\velocity.log'
2017-06-30 13:11:39,166 - Initializing Velocity, Calling init()...
2017-06-30 13:11:39,166 - Starting Apache Velocity v1.7 (compiled: 2010-11-19 12:14:37)
2017-06-30 13:11:39,166 - Default Properties File: org\apache\velocity\runtime\defaults\velocity.properties
2017-06-30 13:11:39,166 - Trying to use logger class org.apache.velocity.runtime.log.AvalonLogChute
2017-06-30 13:11:39,167 - Target log system for org.apache.velocity.runtime.log.AvalonLogChute is not available (java.lang.NoClassDefFoundError: org/apache/log/format/Formatter).  Falling back to next log system...
2017-06-30 13:11:39,167 - Trying to use logger class org.apache.velocity.runtime.log.Log4JLogChute
2017-06-30 13:11:39,167 - Using logger class org.apache.velocity.runtime.log.Log4JLogChute
2017-06-30 13:11:39,188 - ResourceLoader instantiated: org.apache.velocity.runtime.resource.loader.FileResourceLoader
2017-06-30 13:11:39,194 - Do unicode file recognition:  false
2017-06-30 13:11:39,195 - FileResourceLoader : adding path 'D:\workstation\babasports\WebRoot\WEB-INF\vm'
2017-06-30 13:11:39,208 - ResourceCache: initialized (class org.apache.velocity.runtime.resource.ResourceCacheImpl) with class java.util.Collections$SynchronizedMap cache map.
2017-06-30 13:11:39,215 - Loaded System Directive: org.apache.velocity.runtime.directive.Stop
2017-06-30 13:11:39,221 - Loaded System Directive: org.apache.velocity.runtime.directive.Define
2017-06-30 13:11:39,224 - Loaded System Directive: org.apache.velocity.runtime.directive.Break
2017-06-30 13:11:39,227 - Loaded System Directive: org.apache.velocity.runtime.directive.Evaluate
2017-06-30 13:11:39,230 - Loaded System Directive: org.apache.velocity.runtime.directive.Literal
2017-06-30 13:11:39,236 - Loaded System Directive: org.apache.velocity.runtime.directive.Macro
2017-06-30 13:11:39,242 - Loaded System Directive: org.apache.velocity.runtime.directive.Parse
2017-06-30 13:11:39,249 - Loaded System Directive: org.apache.velocity.runtime.directive.Include
2017-06-30 13:11:39,254 - Loaded System Directive: org.apache.velocity.runtime.directive.Foreach
2017-06-30 13:11:39,369 - Created '20' parsers.
2017-06-30 13:11:39,398 - Velocimacro : "velocimacro.library" is not set.  Trying default library: VM_global_library.vm
2017-06-30 13:11:39,399 - Velocimacro : Default library not found.
2017-06-30 13:11:39,399 - Velocimacro : allowInline = true : VMs can be defined inline in templates
2017-06-30 13:11:39,399 - Velocimacro : allowInlineToOverride = false : VMs defined inline may NOT replace previous VM definitions
2017-06-30 13:11:39,399 - Velocimacro : allowInlineLocal = false : VMs defined inline will be global in scope if allowed.
2017-06-30 13:11:39,400 - Velocimacro : autoload off : VM system will not automatically reload global library macros
2017-06-30 13:11:39,565 - ResourceManager : found product/productview.html with loader org.apache.velocity.runtime.resource.loader.FileResourceLoader
2017-06-30 13:11:39,600 - Null reference [template 'product/productview.html', line 17, column 172] : ${product.type.name} cannot be resolved.
2017-06-30 13:12:59,272 - ResourceManager : found product/productview.html with loader org.apache.velocity.runtime.resource.loader.FileResourceLoader
2017-06-30 13:12:59,275 - Null reference [template 'product/productview.html', line 17, column 172] : ${product.type.name} cannot be resolved.
2017-06-30 13:18:16,209 - ResourceManager : found product/productview.html with loader org.apache.velocity.runtime.resource.loader.FileResourceLoader
2017-06-30 13:18:16,211 - Null reference [template 'product/productview.html', line 17, column 172] : ${product.type.name} cannot be resolved.
2017-06-30 13:26:14,506 - Log4JLogChute initialized using file 'D:\workstation\babasports\WebRoot\WEB-INF\log\velocity.log'
2017-06-30 13:26:14,510 - Initializing Velocity, Calling init()...
2017-06-30 13:26:14,512 - Starting Apache Velocity v1.7 (compiled: 2010-11-19 12:14:37)
2017-06-30 13:26:14,514 - Default Properties File: org\apache\velocity\runtime\defaults\velocity.properties
2017-06-30 13:26:14,516 - Trying to use logger class org.apache.velocity.runtime.log.AvalonLogChute
2017-06-30 13:26:14,517 - Target log system for org.apache.velocity.runtime.log.AvalonLogChute is not available (java.lang.NoClassDefFoundError: org/apache/log/format/Formatter).  Falling back to next log system...
2017-06-30 13:26:14,521 - Trying to use logger class org.apache.velocity.runtime.log.Log4JLogChute
2017-06-30 13:26:14,523 - Using logger class org.apache.velocity.runtime.log.Log4JLogChute
2017-06-30 13:26:14,868 - ResourceLoader instantiated: org.apache.velocity.runtime.resource.loader.FileResourceLoader
2017-06-30 13:26:14,992 - Do unicode file recognition:  false
2017-06-30 13:26:14,994 - FileResourceLoader : adding path 'D:\workstation\babasports\WebRoot\WEB-INF\vm'
2017-06-30 13:26:15,101 - ResourceCache: initialized (class org.apache.velocity.runtime.resource.ResourceCacheImpl) with class java.util.Collections$SynchronizedMap cache map.
2017-06-30 13:26:15,243 - Loaded System Directive: org.apache.velocity.runtime.directive.Stop
2017-06-30 13:26:15,359 - Loaded System Directive: org.apache.velocity.runtime.directive.Define
2017-06-30 13:26:15,416 - Loaded System Directive: org.apache.velocity.runtime.directive.Break
2017-06-30 13:26:15,476 - Loaded System Directive: org.apache.velocity.runtime.directive.Evaluate
2017-06-30 13:26:15,534 - Loaded System Directive: org.apache.velocity.runtime.directive.Literal
2017-06-30 13:26:15,651 - Loaded System Directive: org.apache.velocity.runtime.directive.Macro
2017-06-30 13:26:15,732 - Loaded System Directive: org.apache.velocity.runtime.directive.Parse
2017-06-30 13:26:15,855 - Loaded System Directive: org.apache.velocity.runtime.directive.Include
2017-06-30 13:26:15,916 - Loaded System Directive: org.apache.velocity.runtime.directive.Foreach
2017-06-30 13:26:17,216 - Created '20' parsers.
2017-06-30 13:26:17,842 - Velocimacro : "velocimacro.library" is not set.  Trying default library: VM_global_library.vm
2017-06-30 13:26:17,847 - Velocimacro : Default library not found.
2017-06-30 13:26:17,849 - Velocimacro : allowInline = true : VMs can be defined inline in templates
2017-06-30 13:26:17,852 - Velocimacro : allowInlineToOverride = false : VMs defined inline may NOT replace previous VM definitions
2017-06-30 13:26:17,855 - Velocimacro : allowInlineLocal = false : VMs defined inline will be global in scope if allowed.
2017-06-30 13:26:17,860 - Velocimacro : autoload off : VM system will not automatically reload global library macros
2017-06-30 13:26:18,267 - ResourceManager : found product/productview.html with loader org.apache.velocity.runtime.resource.loader.FileResourceLoader
2017-06-30 13:26:40,044 - ResourceManager : found product/productview.html with loader org.apache.velocity.runtime.resource.loader.FileResourceLoader
2017-06-30 13:27:23,587 - ResourceManager : found product/productview.html with loader org.apache.velocity.runtime.resource.loader.FileResourceLoader
2017-06-30 13:32:53,692 - ResourceManager : found product/productview.html with loader org.apache.velocity.runtime.resource.loader.FileResourceLoader
2017-06-30 13:32:57,920 - ResourceManager : found product/productview.html with loader org.apache.velocity.runtime.resource.loader.FileResourceLoader
2017-06-30 19:45:24,687 - Log4JLogChute initialized using file 'D:\workstation\babasports\WebRoot\WEB-INF\log\velocity.log'
2017-06-30 19:45:24,709 - Initializing Velocity, Calling init()...
2017-06-30 19:45:24,709 - Starting Apache Velocity v1.7 (compiled: 2010-11-19 12:14:37)
2017-06-30 19:45:24,710 - Default Properties File: org\apache\velocity\runtime\defaults\velocity.properties
2017-06-30 19:45:24,710 - Trying to use logger class org.apache.velocity.runtime.log.AvalonLogChute
2017-06-30 19:45:24,710 - Target log system for org.apache.velocity.runtime.log.AvalonLogChute is not available (java.lang.NoClassDefFoundError: org/apache/log/format/Formatter).  Falling back to next log system...
2017-06-30 19:45:24,710 - Trying to use logger class org.apache.velocity.runtime.log.Log4JLogChute
2017-06-30 19:45:24,710 - Using logger class org.apache.velocity.runtime.log.Log4JLogChute
2017-06-30 19:45:24,735 - ResourceLoader instantiated: org.apache.velocity.runtime.resource.loader.FileResourceLoader
2017-06-30 19:45:24,743 - Do unicode file recognition:  false
2017-06-30 19:45:24,743 - FileResourceLoader : adding path 'D:\workstation\babasports\WebRoot\WEB-INF\vm'
2017-06-30 19:45:24,791 - ResourceCache: initialized (class org.apache.velocity.runtime.resource.ResourceCacheImpl) with class java.util.Collections$SynchronizedMap cache map.
2017-06-30 19:45:24,798 - Loaded System Directive: org.apache.velocity.runtime.directive.Stop
2017-06-30 19:45:24,807 - Loaded System Directive: org.apache.velocity.runtime.directive.Define
2017-06-30 19:45:24,811 - Loaded System Directive: org.apache.velocity.runtime.directive.Break
2017-06-30 19:45:24,815 - Loaded System Directive: org.apache.velocity.runtime.directive.Evaluate
2017-06-30 19:45:24,819 - Loaded System Directive: org.apache.velocity.runtime.directive.Literal
2017-06-30 19:45:24,825 - Loaded System Directive: org.apache.velocity.runtime.directive.Macro
2017-06-30 19:45:24,832 - Loaded System Directive: org.apache.velocity.runtime.directive.Parse
2017-06-30 19:45:24,839 - Loaded System Directive: org.apache.velocity.runtime.directive.Include
2017-06-30 19:45:24,844 - Loaded System Directive: org.apache.velocity.runtime.directive.Foreach
2017-06-30 19:45:24,979 - Created '20' parsers.
2017-06-30 19:45:25,015 - Velocimacro : "velocimacro.library" is not set.  Trying default library: VM_global_library.vm
2017-06-30 19:45:25,016 - Velocimacro : Default library not found.
2017-06-30 19:45:25,016 - Velocimacro : allowInline = true : VMs can be defined inline in templates
2017-06-30 19:45:25,016 - Velocimacro : allowInlineToOverride = false : VMs defined inline may NOT replace previous VM definitions
2017-06-30 19:45:25,016 - Velocimacro : allowInlineLocal = false : VMs defined inline will be global in scope if allowed.
2017-06-30 19:45:25,016 - Velocimacro : autoload off : VM system will not automatically reload global library macros
2017-06-30 19:45:25,197 - ResourceManager : found product/productview.html with loader org.apache.velocity.runtime.resource.loader.FileResourceLoader
2017-06-30 19:45:30,328 - ResourceManager : found product/productview.html with loader org.apache.velocity.runtime.resource.loader.FileResourceLoader
2017-06-30 19:46:52,395 - ResourceManager : found product/productview.html with loader org.apache.velocity.runtime.resource.loader.FileResourceLoader
2017-06-30 20:02:36,058 - Log4JLogChute initialized using file 'D:\workstation\babasports\WebRoot\WEB-INF\log\velocity.log'
2017-06-30 20:02:36,060 - Initializing Velocity, Calling init()...
2017-06-30 20:02:36,060 - Starting Apache Velocity v1.7 (compiled: 2010-11-19 12:14:37)
2017-06-30 20:02:36,060 - Default Properties File: org\apache\velocity\runtime\defaults\velocity.properties
2017-06-30 20:02:36,060 - Trying to use logger class org.apache.velocity.runtime.log.AvalonLogChute
2017-06-30 20:02:36,060 - Target log system for org.apache.velocity.runtime.log.AvalonLogChute is not available (java.lang.NoClassDefFoundError: org/apache/log/format/Formatter).  Falling back to next log system...
2017-06-30 20:02:36,061 - Trying to use logger class org.apache.velocity.runtime.log.Log4JLogChute
2017-06-30 20:02:36,061 - Using logger class org.apache.velocity.runtime.log.Log4JLogChute
2017-06-30 20:02:36,084 - ResourceLoader instantiated: org.apache.velocity.runtime.resource.loader.FileResourceLoader
2017-06-30 20:02:36,090 - Do unicode file recognition:  false
2017-06-30 20:02:36,091 - FileResourceLoader : adding path 'D:\workstation\babasports\WebRoot\WEB-INF\vm'
2017-06-30 20:02:36,107 - ResourceCache: initialized (class org.apache.velocity.runtime.resource.ResourceCacheImpl) with class java.util.Collections$SynchronizedMap cache map.
2017-06-30 20:02:36,114 - Loaded System Directive: org.apache.velocity.runtime.directive.Stop
2017-06-30 20:02:36,120 - Loaded System Directive: org.apache.velocity.runtime.directive.Define
2017-06-30 20:02:36,124 - Loaded System Directive: org.apache.velocity.runtime.directive.Break
2017-06-30 20:02:36,129 - Loaded System Directive: org.apache.velocity.runtime.directive.Evaluate
2017-06-30 20:02:36,133 - Loaded System Directive: org.apache.velocity.runtime.directive.Literal
2017-06-30 20:02:36,140 - Loaded System Directive: org.apache.velocity.runtime.directive.Macro
2017-06-30 20:02:36,145 - Loaded System Directive: org.apache.velocity.runtime.directive.Parse
2017-06-30 20:02:36,152 - Loaded System Directive: org.apache.velocity.runtime.directive.Include
2017-06-30 20:02:36,158 - Loaded System Directive: org.apache.velocity.runtime.directive.Foreach
2017-06-30 20:02:36,280 - Created '20' parsers.
2017-06-30 20:02:36,310 - Velocimacro : "velocimacro.library" is not set.  Trying default library: VM_global_library.vm
2017-06-30 20:02:36,310 - Velocimacro : Default library not found.
2017-06-30 20:02:36,311 - Velocimacro : allowInline = true : VMs can be defined inline in templates
2017-06-30 20:02:36,311 - Velocimacro : allowInlineToOverride = false : VMs defined inline may NOT replace previous VM definitions
2017-06-30 20:02:36,311 - Velocimacro : allowInlineLocal = false : VMs defined inline will be global in scope if allowed.
2017-06-30 20:02:36,311 - Velocimacro : autoload off : VM system will not automatically reload global library macros
2017-06-30 20:02:36,494 - ResourceManager : found product/productview.html with loader org.apache.velocity.runtime.resource.loader.FileResourceLoader
2017-06-30 20:04:49,217 - ResourceManager : found product/productview.html with loader org.apache.velocity.runtime.resource.loader.FileResourceLoader
2017-06-30 20:11:56,471 - Log4JLogChute initialized using file 'D:\workstation\babasports\WebRoot\WEB-INF\log\velocity.log'
2017-06-30 20:11:56,473 - Initializing Velocity, Calling init()...
2017-06-30 20:11:56,473 - Starting Apache Velocity v1.7 (compiled: 2010-11-19 12:14:37)
2017-06-30 20:11:56,473 - Default Properties File: org\apache\velocity\runtime\defaults\velocity.properties
2017-06-30 20:11:56,473 - Trying to use logger class org.apache.velocity.runtime.log.AvalonLogChute
2017-06-30 20:11:56,473 - Target log system for org.apache.velocity.runtime.log.AvalonLogChute is not available (java.lang.NoClassDefFoundError: org/apache/log/format/Formatter).  Falling back to next log system...
2017-06-30 20:11:56,473 - Trying to use logger class org.apache.velocity.runtime.log.Log4JLogChute
2017-06-30 20:11:56,473 - Using logger class org.apache.velocity.runtime.log.Log4JLogChute
2017-06-30 20:11:56,498 - ResourceLoader instantiated: org.apache.velocity.runtime.resource.loader.FileResourceLoader
2017-06-30 20:11:56,505 - Do unicode file recognition:  false
2017-06-30 20:11:56,505 - FileResourceLoader : adding path 'D:\workstation\babasports\WebRoot\WEB-INF\vm'
2017-06-30 20:11:56,522 - ResourceCache: initialized (class org.apache.velocity.runtime.resource.ResourceCacheImpl) with class java.util.Collections$SynchronizedMap cache map.
2017-06-30 20:11:56,531 - Loaded System Directive: org.apache.velocity.runtime.directive.Stop
2017-06-30 20:11:56,538 - Loaded System Directive: org.apache.velocity.runtime.directive.Define
2017-06-30 20:11:56,543 - Loaded System Directive: org.apache.velocity.runtime.directive.Break
2017-06-30 20:11:56,547 - Loaded System Directive: org.apache.velocity.runtime.directive.Evaluate
2017-06-30 20:11:56,551 - Loaded System Directive: org.apache.velocity.runtime.directive.Literal
2017-06-30 20:11:56,559 - Loaded System Directive: org.apache.velocity.runtime.directive.Macro
2017-06-30 20:11:56,565 - Loaded System Directive: org.apache.velocity.runtime.directive.Parse
2017-06-30 20:11:56,573 - Loaded System Directive: org.apache.velocity.runtime.directive.Include
2017-06-30 20:11:56,578 - Loaded System Directive: org.apache.velocity.runtime.directive.Foreach
2017-06-30 20:11:56,707 - Created '20' parsers.
2017-06-30 20:11:56,739 - Velocimacro : "velocimacro.library" is not set.  Trying default library: VM_global_library.vm
2017-06-30 20:11:56,740 - Velocimacro : Default library not found.
2017-06-30 20:11:56,740 - Velocimacro : allowInline = true : VMs can be defined inline in templates
2017-06-30 20:11:56,740 - Velocimacro : allowInlineToOverride = false : VMs defined inline may NOT replace previous VM definitions
2017-06-30 20:11:56,741 - Velocimacro : allowInlineLocal = false : VMs defined inline will be global in scope if allowed.
2017-06-30 20:11:56,741 - Velocimacro : autoload off : VM system will not automatically reload global library macros
2017-06-30 20:11:56,925 - ResourceManager : found product/productview.html with loader org.apache.velocity.runtime.resource.loader.FileResourceLoader
2017-06-30 20:14:14,790 - ResourceManager : found product/productview.html with loader org.apache.velocity.runtime.resource.loader.FileResourceLoader
2017-06-30 20:17:15,113 - ResourceManager : found product/productview.html with loader org.apache.velocity.runtime.resource.loader.FileResourceLoader
2017-06-30 20:17:19,351 - ResourceManager : found product/productview.html with loader org.apache.velocity.runtime.resource.loader.FileResourceLoader
2017-06-30 20:20:40,339 - ResourceManager : found product/productview.html with loader org.apache.velocity.runtime.resource.loader.FileResourceLoader
2017-06-30 20:20:45,367 - ResourceManager : found product/productview.html with loader org.apache.velocity.runtime.resource.loader.FileResourceLoader
2017-06-30 20:22:40,667 - ResourceManager : found product/productview.html with loader org.apache.velocity.runtime.resource.loader.FileResourceLoader
2017-06-30 20:22:44,725 - ResourceManager : found product/productview.html with loader org.apache.velocity.runtime.resource.loader.FileResourceLoader
2017-07-01 15:59:12,873 - Log4JLogChute initialized using file 'D:\workstation\babasports\WebRoot\WEB-INF\log\velocity.log'
2017-07-01 15:59:12,874 - Initializing Velocity, Calling init()...
2017-07-01 15:59:12,875 - Starting Apache Velocity v1.7 (compiled: 2010-11-19 12:14:37)
2017-07-01 15:59:12,875 - Default Properties File: org\apache\velocity\runtime\defaults\velocity.properties
2017-07-01 15:59:12,875 - Trying to use logger class org.apache.velocity.runtime.log.AvalonLogChute
2017-07-01 15:59:12,875 - Target log system for org.apache.velocity.runtime.log.AvalonLogChute is not available (java.lang.NoClassDefFoundError: org/apache/log/format/Formatter).  Falling back to next log system...
2017-07-01 15:59:12,875 - Trying to use logger class org.apache.velocity.runtime.log.Log4JLogChute
2017-07-01 15:59:12,875 - Using logger class org.apache.velocity.runtime.log.Log4JLogChute
2017-07-01 15:59:12,898 - ResourceLoader instantiated: org.apache.velocity.runtime.resource.loader.FileResourceLoader
2017-07-01 15:59:12,906 - Do unicode file recognition:  false
2017-07-01 15:59:12,906 - FileResourceLoader : adding path 'D:\workstation\babasports\WebRoot\WEB-INF\vm'
2017-07-01 15:59:12,923 - ResourceCache: initialized (class org.apache.velocity.runtime.resource.ResourceCacheImpl) with class java.util.Collections$SynchronizedMap cache map.
2017-07-01 15:59:12,931 - Loaded System Directive: org.apache.velocity.runtime.directive.Stop
2017-07-01 15:59:12,939 - Loaded System Directive: org.apache.velocity.runtime.directive.Define
2017-07-01 15:59:12,944 - Loaded System Directive: org.apache.velocity.runtime.directive.Break
2017-07-01 15:59:12,948 - Loaded System Directive: org.apache.velocity.runtime.directive.Evaluate
2017-07-01 15:59:12,951 - Loaded System Directive: org.apache.velocity.runtime.directive.Literal
2017-07-01 15:59:12,959 - Loaded System Directive: org.apache.velocity.runtime.directive.Macro
2017-07-01 15:59:12,966 - Loaded System Directive: org.apache.velocity.runtime.directive.Parse
2017-07-01 15:59:12,974 - Loaded System Directive: org.apache.velocity.runtime.directive.Include
2017-07-01 15:59:12,978 - Loaded System Directive: org.apache.velocity.runtime.directive.Foreach
2017-07-01 15:59:13,114 - Created '20' parsers.
2017-07-01 15:59:13,144 - Velocimacro : "velocimacro.library" is not set.  Trying default library: VM_global_library.vm
2017-07-01 15:59:13,144 - Velocimacro : Default library not found.
2017-07-01 15:59:13,145 - Velocimacro : allowInline = true : VMs can be defined inline in templates
2017-07-01 15:59:13,145 - Velocimacro : allowInlineToOverride = false : VMs defined inline may NOT replace previous VM definitions
2017-07-01 15:59:13,145 - Velocimacro : allowInlineLocal = false : VMs defined inline will be global in scope if allowed.
2017-07-01 15:59:13,145 - Velocimacro : autoload off : VM system will not automatically reload global library macros
2017-07-01 15:59:13,405 - ResourceManager : found product/productview.html with loader org.apache.velocity.runtime.resource.loader.FileResourceLoader
2017-07-01 15:59:21,034 - ResourceManager : found product/productview.html with loader org.apache.velocity.runtime.resource.loader.FileResourceLoader
2017-07-01 16:26:56,095 - Parser Exception: product/productview.html
org.apache.velocity.runtime.parser.ParseException: Encountered " }\" value=\"" at line 112, column 145.
Was expecting one of:
    "[" ...
    "}" ...
    
	at org.apache.velocity.runtime.parser.Parser.generateParseException(Parser.java:3679)
	at org.apache.velocity.runtime.parser.Parser.jj_consume_token(Parser.java:3558)
	at org.apache.velocity.runtime.parser.Parser.Reference(Parser.java:1521)
	at org.apache.velocity.runtime.parser.Parser.Statement(Parser.java:357)
	at org.apache.velocity.runtime.parser.Parser.IfStatement(Parser.java:1692)
	at org.apache.velocity.runtime.parser.Parser.Statement(Parser.java:352)
	at org.apache.velocity.runtime.parser.Parser.Directive(Parser.java:918)
	at org.apache.velocity.runtime.parser.Parser.Statement(Parser.java:379)
	at org.apache.velocity.runtime.parser.Parser.ElseStatement(Parser.java:1804)
	at org.apache.velocity.runtime.parser.Parser.IfStatement(Parser.java:1734)
	at org.apache.velocity.runtime.parser.Parser.Statement(Parser.java:352)
	at org.apache.velocity.runtime.parser.Parser.process(Parser.java:317)
	at org.apache.velocity.runtime.parser.Parser.parse(Parser.java:117)
	at org.apache.velocity.runtime.RuntimeInstance.parse(RuntimeInstance.java:1226)
	at org.apache.velocity.runtime.RuntimeInstance.parse(RuntimeInstance.java:1181)
	at org.apache.velocity.Template.process(Template.java:134)
	at org.apache.velocity.runtime.resource.ResourceManagerImpl.loadResource(ResourceManagerImpl.java:437)
	at org.apache.velocity.runtime.resource.ResourceManagerImpl.getResource(ResourceManagerImpl.java:352)
	at org.apache.velocity.runtime.RuntimeInstance.getTemplate(RuntimeInstance.java:1533)
	at org.apache.velocity.runtime.RuntimeInstance.getTemplate(RuntimeInstance.java:1514)
	at org.apache.velocity.runtime.RuntimeSingleton.getTemplate(RuntimeSingleton.java:299)
	at org.apache.velocity.app.Velocity.getTemplate(Velocity.java:358)
	at web.action.product.BuildHtmlFile.createProductHtml(BuildHtmlFile.java:36)
	at web.action.product.ProductManageAction.edit(ProductManageAction.java:182)
	at sun.reflect.NativeMethodAccessorImpl.invoke0(Native Method)
	at sun.reflect.NativeMethodAccessorImpl.invoke(NativeMethodAccessorImpl.java:57)
	at sun.reflect.DelegatingMethodAccessorImpl.invoke(DelegatingMethodAccessorImpl.java:43)
	at java.lang.reflect.Method.invoke(Method.java:601)
	at com.opensymphony.xwork2.DefaultActionInvocation.invokeAction(DefaultActionInvocation.java:453)
	at com.opensymphony.xwork2.DefaultActionInvocation.invokeActionOnly(DefaultActionInvocation.java:292)
	at com.opensymphony.xwork2.DefaultActionInvocation.invoke(DefaultActionInvocation.java:255)
	at org.apache.struts2.interceptor.debugging.DebuggingInterceptor.intercept(DebuggingInterceptor.java:256)
	at com.opensymphony.xwork2.DefaultActionInvocation.invoke(DefaultActionInvocation.java:249)
	at com.opensymphony.xwork2.interceptor.DefaultWorkflowInterceptor.doIntercept(DefaultWorkflowInterceptor.java:176)
	at com.opensymphony.xwork2.interceptor.MethodFilterInterceptor.intercept(MethodFilterInterceptor.java:98)
	at com.opensymphony.xwork2.DefaultActionInvocation.invoke(DefaultActionInvocation.java:249)
	at com.opensymphony.xwork2.validator.ValidationInterceptor.doIntercept(ValidationInterceptor.java:265)
	at org.apache.struts2.interceptor.validation.AnnotationValidationInterceptor.doIntercept(AnnotationValidationInterceptor.java:68)
	at com.opensymphony.xwork2.interceptor.MethodFilterInterceptor.intercept(MethodFilterInterceptor.java:98)
	at com.opensymphony.xwork2.DefaultActionInvocation.invoke(DefaultActionInvocation.java:249)
	at com.opensymphony.xwork2.interceptor.ConversionErrorInterceptor.intercept(ConversionErrorInterceptor.java:138)
	at com.opensymphony.xwork2.DefaultActionInvocation.invoke(DefaultActionInvocation.java:249)
	at com.opensymphony.xwork2.interceptor.ParametersInterceptor.doIntercept(ParametersInterceptor.java:236)
	at com.opensymphony.xwork2.interceptor.MethodFilterInterceptor.intercept(MethodFilterInterceptor.java:98)
	at com.opensymphony.xwork2.DefaultActionInvocation.invoke(DefaultActionInvocation.java:249)
	at com.opensymphony.xwork2.interceptor.ParametersInterceptor.doIntercept(ParametersInterceptor.java:236)
	at com.opensymphony.xwork2.interceptor.MethodFilterInterceptor.intercept(MethodFilterInterceptor.java:98)
	at com.opensymphony.xwork2.DefaultActionInvocation.invoke(DefaultActionInvocation.java:249)
	at com.opensymphony.xwork2.interceptor.StaticParametersInterceptor.intercept(StaticParametersInterceptor.java:190)
	at com.opensymphony.xwork2.DefaultActionInvocation.invoke(DefaultActionInvocation.java:249)
	at org.apache.struts2.interceptor.MultiselectInterceptor.intercept(MultiselectInterceptor.java:75)
	at com.opensymphony.xwork2.DefaultActionInvocation.invoke(DefaultActionInvocation.java:249)
	at org.apache.struts2.interceptor.CheckboxInterceptor.intercept(CheckboxInterceptor.java:90)
	at com.opensymphony.xwork2.DefaultActionInvocation.invoke(DefaultActionInvocation.java:249)
	at org.apache.struts2.interceptor.FileUploadInterceptor.intercept(FileUploadInterceptor.java:320)
	at com.opensymphony.xwork2.DefaultActionInvocation.invoke(DefaultActionInvocation.java:249)
	at com.opensymphony.xwork2.interceptor.ModelDrivenInterceptor.intercept(ModelDrivenInterceptor.java:100)
	at com.opensymphony.xwork2.DefaultActionInvocation.invoke(DefaultActionInvocation.java:249)
	at com.opensymphony.xwork2.interceptor.ScopedModelDrivenInterceptor.intercept(ScopedModelDrivenInterceptor.java:141)
	at com.opensymphony.xwork2.DefaultActionInvocation.invoke(DefaultActionInvocation.java:249)
	at com.opensymphony.xwork2.interceptor.ChainingInterceptor.intercept(ChainingInterceptor.java:145)
	at com.opensymphony.xwork2.DefaultActionInvocation.invoke(DefaultActionInvocation.java:249)
	at com.opensymphony.xwork2.interceptor.PrepareInterceptor.doIntercept(PrepareInterceptor.java:171)
	at com.opensymphony.xwork2.interceptor.MethodFilterInterceptor.intercept(MethodFilterInterceptor.java:98)
	at com.opensymphony.xwork2.DefaultActionInvocation.invoke(DefaultActionInvocation.java:249)
	at com.opensymphony.xwork2.interceptor.I18nInterceptor.intercept(I18nInterceptor.java:176)
	at com.opensymphony.xwork2.DefaultActionInvocation.invoke(DefaultActionInvocation.java:249)
	at org.apache.struts2.interceptor.ServletConfigInterceptor.intercept(ServletConfigInterceptor.java:164)
	at com.opensymphony.xwork2.DefaultActionInvocation.invoke(DefaultActionInvocation.java:249)
	at com.opensymphony.xwork2.interceptor.AliasInterceptor.intercept(AliasInterceptor.java:192)
	at com.opensymphony.xwork2.DefaultActionInvocation.invoke(DefaultActionInvocation.java:249)
	at com.opensymphony.xwork2.interceptor.ExceptionMappingInterceptor.intercept(ExceptionMappingInterceptor.java:187)
	at com.opensymphony.xwork2.DefaultActionInvocation.invoke(DefaultActionInvocation.java:249)
	at web.action.privilege.PrivilegeInterceptor.intercept(PrivilegeInterceptor.java:44)
	at com.opensymphony.xwork2.DefaultActionInvocation.invoke(DefaultActionInvocation.java:249)
	at org.apache.struts2.impl.StrutsActionProxy.execute(StrutsActionProxy.java:54)
	at org.apache.struts2.dispatcher.Dispatcher.serviceAction(Dispatcher.java:511)
	at org.apache.struts2.dispatcher.ng.ExecuteOperations.executeAction(ExecuteOperations.java:77)
	at org.apache.struts2.dispatcher.ng.filter.StrutsPrepareAndExecuteFilter.doFilter(StrutsPrepareAndExecuteFilter.java:91)
	at org.apache.catalina.core.ApplicationFilterChain.internalDoFilter(ApplicationFilterChain.java:241)
	at org.apache.catalina.core.ApplicationFilterChain.doFilter(ApplicationFilterChain.java:208)
	at web.filter.PrivilegeFilter.doFilter(PrivilegeFilter.java:37)
	at org.apache.catalina.core.ApplicationFilterChain.internalDoFilter(ApplicationFilterChain.java:241)
	at org.apache.catalina.core.ApplicationFilterChain.doFilter(ApplicationFilterChain.java:208)
	at org.springframework.web.filter.CharacterEncodingFilter.doFilterInternal(CharacterEncodingFilter.java:88)
	at org.springframework.web.filter.OncePerRequestFilter.doFilter(OncePerRequestFilter.java:107)
	at org.apache.catalina.core.ApplicationFilterChain.internalDoFilter(ApplicationFilterChain.java:241)
	at org.apache.catalina.core.ApplicationFilterChain.doFilter(ApplicationFilterChain.java:208)
	at org.springframework.orm.hibernate3.support.OpenSessionInViewFilter.doFilterInternal(OpenSessionInViewFilter.java:233)
	at org.springframework.web.filter.OncePerRequestFilter.doFilter(OncePerRequestFilter.java:107)
	at org.apache.catalina.core.ApplicationFilterChain.internalDoFilter(ApplicationFilterChain.java:241)
	at org.apache.catalina.core.ApplicationFilterChain.doFilter(ApplicationFilterChain.java:208)
	at org.apache.catalina.core.StandardWrapperValve.invoke(StandardWrapperValve.java:218)
	at org.apache.catalina.core.StandardContextValve.invoke(StandardContextValve.java:122)
	at org.apache.catalina.authenticator.AuthenticatorBase.invoke(AuthenticatorBase.java:505)
	at org.apache.catalina.core.StandardHostValve.invoke(StandardHostValve.java:169)
	at org.apache.catalina.valves.ErrorReportValve.invoke(ErrorReportValve.java:103)
	at org.apache.catalina.valves.AccessLogValve.invoke(AccessLogValve.java:956)
	at org.apache.catalina.core.StandardEngineValve.invoke(StandardEngineValve.java:116)
	at org.apache.catalina.connector.CoyoteAdapter.service(CoyoteAdapter.java:442)
	at org.apache.coyote.http11.AbstractHttp11Processor.process(AbstractHttp11Processor.java:1082)
	at org.apache.coyote.AbstractProtocol$AbstractConnectionHandler.process(AbstractProtocol.java:623)
	at org.apache.tomcat.util.net.AprEndpoint$SocketProcessor.doRun(AprEndpoint.java:2517)
	at org.apache.tomcat.util.net.AprEndpoint$SocketProcessor.run(AprEndpoint.java:2506)
	at java.util.concurrent.ThreadPoolExecutor.runWorker(ThreadPoolExecutor.java:1145)
	at java.util.concurrent.ThreadPoolExecutor$Worker.run(ThreadPoolExecutor.java:615)
	at org.apache.tomcat.util.threads.TaskThread$WrappingRunnable.run(TaskThread.java:61)
	at java.lang.Thread.run(Thread.java:722)
2017-07-01 16:26:56,110 - ResourceManager.getResource() parse exception
org.apache.velocity.exception.ParseErrorException: Encountered " }\" value=\"" at product/productview.html[line 112, column 145]
Was expecting one of:
    "[" ...
    "}" ...
    
	at org.apache.velocity.Template.process(Template.java:151)
	at org.apache.velocity.runtime.resource.ResourceManagerImpl.loadResource(ResourceManagerImpl.java:437)
	at org.apache.velocity.runtime.resource.ResourceManagerImpl.getResource(ResourceManagerImpl.java:352)
	at org.apache.velocity.runtime.RuntimeInstance.getTemplate(RuntimeInstance.java:1533)
	at org.apache.velocity.runtime.RuntimeInstance.getTemplate(RuntimeInstance.java:1514)
	at org.apache.velocity.runtime.RuntimeSingleton.getTemplate(RuntimeSingleton.java:299)
	at org.apache.velocity.app.Velocity.getTemplate(Velocity.java:358)
	at web.action.product.BuildHtmlFile.createProductHtml(BuildHtmlFile.java:36)
	at web.action.product.ProductManageAction.edit(ProductManageAction.java:182)
	at sun.reflect.NativeMethodAccessorImpl.invoke0(Native Method)
	at sun.reflect.NativeMethodAccessorImpl.invoke(NativeMethodAccessorImpl.java:57)
	at sun.reflect.DelegatingMethodAccessorImpl.invoke(DelegatingMethodAccessorImpl.java:43)
	at java.lang.reflect.Method.invoke(Method.java:601)
	at com.opensymphony.xwork2.DefaultActionInvocation.invokeAction(DefaultActionInvocation.java:453)
	at com.opensymphony.xwork2.DefaultActionInvocation.invokeActionOnly(DefaultActionInvocation.java:292)
	at com.opensymphony.xwork2.DefaultActionInvocation.invoke(DefaultActionInvocation.java:255)
	at org.apache.struts2.interceptor.debugging.DebuggingInterceptor.intercept(DebuggingInterceptor.java:256)
	at com.opensymphony.xwork2.DefaultActionInvocation.invoke(DefaultActionInvocation.java:249)
	at com.opensymphony.xwork2.interceptor.DefaultWorkflowInterceptor.doIntercept(DefaultWorkflowInterceptor.java:176)
	at com.opensymphony.xwork2.interceptor.MethodFilterInterceptor.intercept(MethodFilterInterceptor.java:98)
	at com.opensymphony.xwork2.DefaultActionInvocation.invoke(DefaultActionInvocation.java:249)
	at com.opensymphony.xwork2.validator.ValidationInterceptor.doIntercept(ValidationInterceptor.java:265)
	at org.apache.struts2.interceptor.validation.AnnotationValidationInterceptor.doIntercept(AnnotationValidationInterceptor.java:68)
	at com.opensymphony.xwork2.interceptor.MethodFilterInterceptor.intercept(MethodFilterInterceptor.java:98)
	at com.opensymphony.xwork2.DefaultActionInvocation.invoke(DefaultActionInvocation.java:249)
	at com.opensymphony.xwork2.interceptor.ConversionErrorInterceptor.intercept(ConversionErrorInterceptor.java:138)
	at com.opensymphony.xwork2.DefaultActionInvocation.invoke(DefaultActionInvocation.java:249)
	at com.opensymphony.xwork2.interceptor.ParametersInterceptor.doIntercept(ParametersInterceptor.java:236)
	at com.opensymphony.xwork2.interceptor.MethodFilterInterceptor.intercept(MethodFilterInterceptor.java:98)
	at com.opensymphony.xwork2.DefaultActionInvocation.invoke(DefaultActionInvocation.java:249)
	at com.opensymphony.xwork2.interceptor.ParametersInterceptor.doIntercept(ParametersInterceptor.java:236)
	at com.opensymphony.xwork2.interceptor.MethodFilterInterceptor.intercept(MethodFilterInterceptor.java:98)
	at com.opensymphony.xwork2.DefaultActionInvocation.invoke(DefaultActionInvocation.java:249)
	at com.opensymphony.xwork2.interceptor.StaticParametersInterceptor.intercept(StaticParametersInterceptor.java:190)
	at com.opensymphony.xwork2.DefaultActionInvocation.invoke(DefaultActionInvocation.java:249)
	at org.apache.struts2.interceptor.MultiselectInterceptor.intercept(MultiselectInterceptor.java:75)
	at com.opensymphony.xwork2.DefaultActionInvocation.invoke(DefaultActionInvocation.java:249)
	at org.apache.struts2.interceptor.CheckboxInterceptor.intercept(CheckboxInterceptor.java:90)
	at com.opensymphony.xwork2.DefaultActionInvocation.invoke(DefaultActionInvocation.java:249)
	at org.apache.struts2.interceptor.FileUploadInterceptor.intercept(FileUploadInterceptor.java:320)
	at com.opensymphony.xwork2.DefaultActionInvocation.invoke(DefaultActionInvocation.java:249)
	at com.opensymphony.xwork2.interceptor.ModelDrivenInterceptor.intercept(ModelDrivenInterceptor.java:100)
	at com.opensymphony.xwork2.DefaultActionInvocation.invoke(DefaultActionInvocation.java:249)
	at com.opensymphony.xwork2.interceptor.ScopedModelDrivenInterceptor.intercept(ScopedModelDrivenInterceptor.java:141)
	at com.opensymphony.xwork2.DefaultActionInvocation.invoke(DefaultActionInvocation.java:249)
	at com.opensymphony.xwork2.interceptor.ChainingInterceptor.intercept(ChainingInterceptor.java:145)
	at com.opensymphony.xwork2.DefaultActionInvocation.invoke(DefaultActionInvocation.java:249)
	at com.opensymphony.xwork2.interceptor.PrepareInterceptor.doIntercept(PrepareInterceptor.java:171)
	at com.opensymphony.xwork2.interceptor.MethodFilterInterceptor.intercept(MethodFilterInterceptor.java:98)
	at com.opensymphony.xwork2.DefaultActionInvocation.invoke(DefaultActionInvocation.java:249)
	at com.opensymphony.xwork2.interceptor.I18nInterceptor.intercept(I18nInterceptor.java:176)
	at com.opensymphony.xwork2.DefaultActionInvocation.invoke(DefaultActionInvocation.java:249)
	at org.apache.struts2.interceptor.ServletConfigInterceptor.intercept(ServletConfigInterceptor.java:164)
	at com.opensymphony.xwork2.DefaultActionInvocation.invoke(DefaultActionInvocation.java:249)
	at com.opensymphony.xwork2.interceptor.AliasInterceptor.intercept(AliasInterceptor.java:192)
	at com.opensymphony.xwork2.DefaultActionInvocation.invoke(DefaultActionInvocation.java:249)
	at com.opensymphony.xwork2.interceptor.ExceptionMappingInterceptor.intercept(ExceptionMappingInterceptor.java:187)
	at com.opensymphony.xwork2.DefaultActionInvocation.invoke(DefaultActionInvocation.java:249)
	at web.action.privilege.PrivilegeInterceptor.intercept(PrivilegeInterceptor.java:44)
	at com.opensymphony.xwork2.DefaultActionInvocation.invoke(DefaultActionInvocation.java:249)
	at org.apache.struts2.impl.StrutsActionProxy.execute(StrutsActionProxy.java:54)
	at org.apache.struts2.dispatcher.Dispatcher.serviceAction(Dispatcher.java:511)
	at org.apache.struts2.dispatcher.ng.ExecuteOperations.executeAction(ExecuteOperations.java:77)
	at org.apache.struts2.dispatcher.ng.filter.StrutsPrepareAndExecuteFilter.doFilter(StrutsPrepareAndExecuteFilter.java:91)
	at org.apache.catalina.core.ApplicationFilterChain.internalDoFilter(ApplicationFilterChain.java:241)
	at org.apache.catalina.core.ApplicationFilterChain.doFilter(ApplicationFilterChain.java:208)
	at web.filter.PrivilegeFilter.doFilter(PrivilegeFilter.java:37)
	at org.apache.catalina.core.ApplicationFilterChain.internalDoFilter(ApplicationFilterChain.java:241)
	at org.apache.catalina.core.ApplicationFilterChain.doFilter(ApplicationFilterChain.java:208)
	at org.springframework.web.filter.CharacterEncodingFilter.doFilterInternal(CharacterEncodingFilter.java:88)
	at org.springframework.web.filter.OncePerRequestFilter.doFilter(OncePerRequestFilter.java:107)
	at org.apache.catalina.core.ApplicationFilterChain.internalDoFilter(ApplicationFilterChain.java:241)
	at org.apache.catalina.core.ApplicationFilterChain.doFilter(ApplicationFilterChain.java:208)
	at org.springframework.orm.hibernate3.support.OpenSessionInViewFilter.doFilterInternal(OpenSessionInViewFilter.java:233)
	at org.springframework.web.filter.OncePerRequestFilter.doFilter(OncePerRequestFilter.java:107)
	at org.apache.catalina.core.ApplicationFilterChain.internalDoFilter(ApplicationFilterChain.java:241)
	at org.apache.catalina.core.ApplicationFilterChain.doFilter(ApplicationFilterChain.java:208)
	at org.apache.catalina.core.StandardWrapperValve.invoke(StandardWrapperValve.java:218)
	at org.apache.catalina.core.StandardContextValve.invoke(StandardContextValve.java:122)
	at org.apache.catalina.authenticator.AuthenticatorBase.invoke(AuthenticatorBase.java:505)
	at org.apache.catalina.core.StandardHostValve.invoke(StandardHostValve.java:169)
	at org.apache.catalina.valves.ErrorReportValve.invoke(ErrorReportValve.java:103)
	at org.apache.catalina.valves.AccessLogValve.invoke(AccessLogValve.java:956)
	at org.apache.catalina.core.StandardEngineValve.invoke(StandardEngineValve.java:116)
	at org.apache.catalina.connector.CoyoteAdapter.service(CoyoteAdapter.java:442)
	at org.apache.coyote.http11.AbstractHttp11Processor.process(AbstractHttp11Processor.java:1082)
	at org.apache.coyote.AbstractProtocol$AbstractConnectionHandler.process(AbstractProtocol.java:623)
	at org.apache.tomcat.util.net.AprEndpoint$SocketProcessor.doRun(AprEndpoint.java:2517)
	at org.apache.tomcat.util.net.AprEndpoint$SocketProcessor.run(AprEndpoint.java:2506)
	at java.util.concurrent.ThreadPoolExecutor.runWorker(ThreadPoolExecutor.java:1145)
	at java.util.concurrent.ThreadPoolExecutor$Worker.run(ThreadPoolExecutor.java:615)
	at org.apache.tomcat.util.threads.TaskThread$WrappingRunnable.run(TaskThread.java:61)
	at java.lang.Thread.run(Thread.java:722)
2017-07-01 16:28:51,189 - ResourceManager : found product/productview.html with loader org.apache.velocity.runtime.resource.loader.FileResourceLoader
2017-07-01 16:28:57,146 - ResourceManager : found product/productview.html with loader org.apache.velocity.runtime.resource.loader.FileResourceLoader
2017-07-01 16:28:57,189 - Null reference [template 'product/productview.html', line 108, column 112] : $color.id cannot be resolved.
2017-07-01 16:28:57,190 - Null reference [template 'product/productview.html', line 108, column 112] : $color.id cannot be resolved.
2017-07-01 16:29:00,533 - ResourceManager : found product/productview.html with loader org.apache.velocity.runtime.resource.loader.FileResourceLoader
2017-07-01 16:37:11,307 - Parser Exception: product/productview.html
org.apache.velocity.runtime.parser.ParseException: Encountered " }\" value=\"" at line 105, column 144.
Was expecting one of:
    "[" ...
    "}" ...
    
	at org.apache.velocity.runtime.parser.Parser.generateParseException(Parser.java:3679)
	at org.apache.velocity.runtime.parser.Parser.jj_consume_token(Parser.java:3558)
	at org.apache.velocity.runtime.parser.Parser.Reference(Parser.java:1521)
	at org.apache.velocity.runtime.parser.Parser.Statement(Parser.java:357)
	at org.apache.velocity.runtime.parser.Parser.IfStatement(Parser.java:1692)
	at org.apache.velocity.runtime.parser.Parser.Statement(Parser.java:352)
	at org.apache.velocity.runtime.parser.Parser.process(Parser.java:317)
	at org.apache.velocity.runtime.parser.Parser.parse(Parser.java:117)
	at org.apache.velocity.runtime.RuntimeInstance.parse(RuntimeInstance.java:1226)
	at org.apache.velocity.runtime.RuntimeInstance.parse(RuntimeInstance.java:1181)
	at org.apache.velocity.Template.process(Template.java:134)
	at org.apache.velocity.runtime.resource.ResourceManagerImpl.loadResource(ResourceManagerImpl.java:437)
	at org.apache.velocity.runtime.resource.ResourceManagerImpl.getResource(ResourceManagerImpl.java:352)
	at org.apache.velocity.runtime.RuntimeInstance.getTemplate(RuntimeInstance.java:1533)
	at org.apache.velocity.runtime.RuntimeInstance.getTemplate(RuntimeInstance.java:1514)
	at org.apache.velocity.runtime.RuntimeSingleton.getTemplate(RuntimeSingleton.java:299)
	at org.apache.velocity.app.Velocity.getTemplate(Velocity.java:358)
	at web.action.product.BuildHtmlFile.createProductHtml(BuildHtmlFile.java:36)
	at web.action.product.ProductManageAction.edit(ProductManageAction.java:182)
	at sun.reflect.NativeMethodAccessorImpl.invoke0(Native Method)
	at sun.reflect.NativeMethodAccessorImpl.invoke(NativeMethodAccessorImpl.java:57)
	at sun.reflect.DelegatingMethodAccessorImpl.invoke(DelegatingMethodAccessorImpl.java:43)
	at java.lang.reflect.Method.invoke(Method.java:601)
	at com.opensymphony.xwork2.DefaultActionInvocation.invokeAction(DefaultActionInvocation.java:453)
	at com.opensymphony.xwork2.DefaultActionInvocation.invokeActionOnly(DefaultActionInvocation.java:292)
	at com.opensymphony.xwork2.DefaultActionInvocation.invoke(DefaultActionInvocation.java:255)
	at org.apache.struts2.interceptor.debugging.DebuggingInterceptor.intercept(DebuggingInterceptor.java:256)
	at com.opensymphony.xwork2.DefaultActionInvocation.invoke(DefaultActionInvocation.java:249)
	at com.opensymphony.xwork2.interceptor.DefaultWorkflowInterceptor.doIntercept(DefaultWorkflowInterceptor.java:176)
	at com.opensymphony.xwork2.interceptor.MethodFilterInterceptor.intercept(MethodFilterInterceptor.java:98)
	at com.opensymphony.xwork2.DefaultActionInvocation.invoke(DefaultActionInvocation.java:249)
	at com.opensymphony.xwork2.validator.ValidationInterceptor.doIntercept(ValidationInterceptor.java:265)
	at org.apache.struts2.interceptor.validation.AnnotationValidationInterceptor.doIntercept(AnnotationValidationInterceptor.java:68)
	at com.opensymphony.xwork2.interceptor.MethodFilterInterceptor.intercept(MethodFilterInterceptor.java:98)
	at com.opensymphony.xwork2.DefaultActionInvocation.invoke(DefaultActionInvocation.java:249)
	at com.opensymphony.xwork2.interceptor.ConversionErrorInterceptor.intercept(ConversionErrorInterceptor.java:138)
	at com.opensymphony.xwork2.DefaultActionInvocation.invoke(DefaultActionInvocation.java:249)
	at com.opensymphony.xwork2.interceptor.ParametersInterceptor.doIntercept(ParametersInterceptor.java:236)
	at com.opensymphony.xwork2.interceptor.MethodFilterInterceptor.intercept(MethodFilterInterceptor.java:98)
	at com.opensymphony.xwork2.DefaultActionInvocation.invoke(DefaultActionInvocation.java:249)
	at com.opensymphony.xwork2.interceptor.ParametersInterceptor.doIntercept(ParametersInterceptor.java:236)
	at com.opensymphony.xwork2.interceptor.MethodFilterInterceptor.intercept(MethodFilterInterceptor.java:98)
	at com.opensymphony.xwork2.DefaultActionInvocation.invoke(DefaultActionInvocation.java:249)
	at com.opensymphony.xwork2.interceptor.StaticParametersInterceptor.intercept(StaticParametersInterceptor.java:190)
	at com.opensymphony.xwork2.DefaultActionInvocation.invoke(DefaultActionInvocation.java:249)
	at org.apache.struts2.interceptor.MultiselectInterceptor.intercept(MultiselectInterceptor.java:75)
	at com.opensymphony.xwork2.DefaultActionInvocation.invoke(DefaultActionInvocation.java:249)
	at org.apache.struts2.interceptor.CheckboxInterceptor.intercept(CheckboxInterceptor.java:90)
	at com.opensymphony.xwork2.DefaultActionInvocation.invoke(DefaultActionInvocation.java:249)
	at org.apache.struts2.interceptor.FileUploadInterceptor.intercept(FileUploadInterceptor.java:320)
	at com.opensymphony.xwork2.DefaultActionInvocation.invoke(DefaultActionInvocation.java:249)
	at com.opensymphony.xwork2.interceptor.ModelDrivenInterceptor.intercept(ModelDrivenInterceptor.java:100)
	at com.opensymphony.xwork2.DefaultActionInvocation.invoke(DefaultActionInvocation.java:249)
	at com.opensymphony.xwork2.interceptor.ScopedModelDrivenInterceptor.intercept(ScopedModelDrivenInterceptor.java:141)
	at com.opensymphony.xwork2.DefaultActionInvocation.invoke(DefaultActionInvocation.java:249)
	at com.opensymphony.xwork2.interceptor.ChainingInterceptor.intercept(ChainingInterceptor.java:145)
	at com.opensymphony.xwork2.DefaultActionInvocation.invoke(DefaultActionInvocation.java:249)
	at com.opensymphony.xwork2.interceptor.PrepareInterceptor.doIntercept(PrepareInterceptor.java:171)
	at com.opensymphony.xwork2.interceptor.MethodFilterInterceptor.intercept(MethodFilterInterceptor.java:98)
	at com.opensymphony.xwork2.DefaultActionInvocation.invoke(DefaultActionInvocation.java:249)
	at com.opensymphony.xwork2.interceptor.I18nInterceptor.intercept(I18nInterceptor.java:176)
	at com.opensymphony.xwork2.DefaultActionInvocation.invoke(DefaultActionInvocation.java:249)
	at org.apache.struts2.interceptor.ServletConfigInterceptor.intercept(ServletConfigInterceptor.java:164)
	at com.opensymphony.xwork2.DefaultActionInvocation.invoke(DefaultActionInvocation.java:249)
	at com.opensymphony.xwork2.interceptor.AliasInterceptor.intercept(AliasInterceptor.java:192)
	at com.opensymphony.xwork2.DefaultActionInvocation.invoke(DefaultActionInvocation.java:249)
	at com.opensymphony.xwork2.interceptor.ExceptionMappingInterceptor.intercept(ExceptionMappingInterceptor.java:187)
	at com.opensymphony.xwork2.DefaultActionInvocation.invoke(DefaultActionInvocation.java:249)
	at web.action.privilege.PrivilegeInterceptor.intercept(PrivilegeInterceptor.java:44)
	at com.opensymphony.xwork2.DefaultActionInvocation.invoke(DefaultActionInvocation.java:249)
	at org.apache.struts2.impl.StrutsActionProxy.execute(StrutsActionProxy.java:54)
	at org.apache.struts2.dispatcher.Dispatcher.serviceAction(Dispatcher.java:511)
	at org.apache.struts2.dispatcher.ng.ExecuteOperations.executeAction(ExecuteOperations.java:77)
	at org.apache.struts2.dispatcher.ng.filter.StrutsPrepareAndExecuteFilter.doFilter(StrutsPrepareAndExecuteFilter.java:91)
	at org.apache.catalina.core.ApplicationFilterChain.internalDoFilter(ApplicationFilterChain.java:241)
	at org.apache.catalina.core.ApplicationFilterChain.doFilter(ApplicationFilterChain.java:208)
	at web.filter.PrivilegeFilter.doFilter(PrivilegeFilter.java:37)
	at org.apache.catalina.core.ApplicationFilterChain.internalDoFilter(ApplicationFilterChain.java:241)
	at org.apache.catalina.core.ApplicationFilterChain.doFilter(ApplicationFilterChain.java:208)
	at org.springframework.web.filter.CharacterEncodingFilter.doFilterInternal(CharacterEncodingFilter.java:88)
	at org.springframework.web.filter.OncePerRequestFilter.doFilter(OncePerRequestFilter.java:107)
	at org.apache.catalina.core.ApplicationFilterChain.internalDoFilter(ApplicationFilterChain.java:241)
	at org.apache.catalina.core.ApplicationFilterChain.doFilter(ApplicationFilterChain.java:208)
	at org.springframework.orm.hibernate3.support.OpenSessionInViewFilter.doFilterInternal(OpenSessionInViewFilter.java:233)
	at org.springframework.web.filter.OncePerRequestFilter.doFilter(OncePerRequestFilter.java:107)
	at org.apache.catalina.core.ApplicationFilterChain.internalDoFilter(ApplicationFilterChain.java:241)
	at org.apache.catalina.core.ApplicationFilterChain.doFilter(ApplicationFilterChain.java:208)
	at org.apache.catalina.core.StandardWrapperValve.invoke(StandardWrapperValve.java:218)
	at org.apache.catalina.core.StandardContextValve.invoke(StandardContextValve.java:122)
	at org.apache.catalina.authenticator.AuthenticatorBase.invoke(AuthenticatorBase.java:505)
	at org.apache.catalina.core.StandardHostValve.invoke(StandardHostValve.java:169)
	at org.apache.catalina.valves.ErrorReportValve.invoke(ErrorReportValve.java:103)
	at org.apache.catalina.valves.AccessLogValve.invoke(AccessLogValve.java:956)
	at org.apache.catalina.core.StandardEngineValve.invoke(StandardEngineValve.java:116)
	at org.apache.catalina.connector.CoyoteAdapter.service(CoyoteAdapter.java:442)
	at org.apache.coyote.http11.AbstractHttp11Processor.process(AbstractHttp11Processor.java:1082)
	at org.apache.coyote.AbstractProtocol$AbstractConnectionHandler.process(AbstractProtocol.java:623)
	at org.apache.tomcat.util.net.AprEndpoint$SocketProcessor.doRun(AprEndpoint.java:2517)
	at org.apache.tomcat.util.net.AprEndpoint$SocketProcessor.run(AprEndpoint.java:2506)
	at java.util.concurrent.ThreadPoolExecutor.runWorker(ThreadPoolExecutor.java:1145)
	at java.util.concurrent.ThreadPoolExecutor$Worker.run(ThreadPoolExecutor.java:615)
	at org.apache.tomcat.util.threads.TaskThread$WrappingRunnable.run(TaskThread.java:61)
	at java.lang.Thread.run(Thread.java:722)
2017-07-01 16:37:11,311 - ResourceManager.getResource() parse exception
org.apache.velocity.exception.ParseErrorException: Encountered " }\" value=\"" at product/productview.html[line 105, column 144]
Was expecting one of:
    "[" ...
    "}" ...
    
	at org.apache.velocity.Template.process(Template.java:151)
	at org.apache.velocity.runtime.resource.ResourceManagerImpl.loadResource(ResourceManagerImpl.java:437)
	at org.apache.velocity.runtime.resource.ResourceManagerImpl.getResource(ResourceManagerImpl.java:352)
	at org.apache.velocity.runtime.RuntimeInstance.getTemplate(RuntimeInstance.java:1533)
	at org.apache.velocity.runtime.RuntimeInstance.getTemplate(RuntimeInstance.java:1514)
	at org.apache.velocity.runtime.RuntimeSingleton.getTemplate(RuntimeSingleton.java:299)
	at org.apache.velocity.app.Velocity.getTemplate(Velocity.java:358)
	at web.action.product.BuildHtmlFile.createProductHtml(BuildHtmlFile.java:36)
	at web.action.product.ProductManageAction.edit(ProductManageAction.java:182)
	at sun.reflect.NativeMethodAccessorImpl.invoke0(Native Method)
	at sun.reflect.NativeMethodAccessorImpl.invoke(NativeMethodAccessorImpl.java:57)
	at sun.reflect.DelegatingMethodAccessorImpl.invoke(DelegatingMethodAccessorImpl.java:43)
	at java.lang.reflect.Method.invoke(Method.java:601)
	at com.opensymphony.xwork2.DefaultActionInvocation.invokeAction(DefaultActionInvocation.java:453)
	at com.opensymphony.xwork2.DefaultActionInvocation.invokeActionOnly(DefaultActionInvocation.java:292)
	at com.opensymphony.xwork2.DefaultActionInvocation.invoke(DefaultActionInvocation.java:255)
	at org.apache.struts2.interceptor.debugging.DebuggingInterceptor.intercept(DebuggingInterceptor.java:256)
	at com.opensymphony.xwork2.DefaultActionInvocation.invoke(DefaultActionInvocation.java:249)
	at com.opensymphony.xwork2.interceptor.DefaultWorkflowInterceptor.doIntercept(DefaultWorkflowInterceptor.java:176)
	at com.opensymphony.xwork2.interceptor.MethodFilterInterceptor.intercept(MethodFilterInterceptor.java:98)
	at com.opensymphony.xwork2.DefaultActionInvocation.invoke(DefaultActionInvocation.java:249)
	at com.opensymphony.xwork2.validator.ValidationInterceptor.doIntercept(ValidationInterceptor.java:265)
	at org.apache.struts2.interceptor.validation.AnnotationValidationInterceptor.doIntercept(AnnotationValidationInterceptor.java:68)
	at com.opensymphony.xwork2.interceptor.MethodFilterInterceptor.intercept(MethodFilterInterceptor.java:98)
	at com.opensymphony.xwork2.DefaultActionInvocation.invoke(DefaultActionInvocation.java:249)
	at com.opensymphony.xwork2.interceptor.ConversionErrorInterceptor.intercept(ConversionErrorInterceptor.java:138)
	at com.opensymphony.xwork2.DefaultActionInvocation.invoke(DefaultActionInvocation.java:249)
	at com.opensymphony.xwork2.interceptor.ParametersInterceptor.doIntercept(ParametersInterceptor.java:236)
	at com.opensymphony.xwork2.interceptor.MethodFilterInterceptor.intercept(MethodFilterInterceptor.java:98)
	at com.opensymphony.xwork2.DefaultActionInvocation.invoke(DefaultActionInvocation.java:249)
	at com.opensymphony.xwork2.interceptor.ParametersInterceptor.doIntercept(ParametersInterceptor.java:236)
	at com.opensymphony.xwork2.interceptor.MethodFilterInterceptor.intercept(MethodFilterInterceptor.java:98)
	at com.opensymphony.xwork2.DefaultActionInvocation.invoke(DefaultActionInvocation.java:249)
	at com.opensymphony.xwork2.interceptor.StaticParametersInterceptor.intercept(StaticParametersInterceptor.java:190)
	at com.opensymphony.xwork2.DefaultActionInvocation.invoke(DefaultActionInvocation.java:249)
	at org.apache.struts2.interceptor.MultiselectInterceptor.intercept(MultiselectInterceptor.java:75)
	at com.opensymphony.xwork2.DefaultActionInvocation.invoke(DefaultActionInvocation.java:249)
	at org.apache.struts2.interceptor.CheckboxInterceptor.intercept(CheckboxInterceptor.java:90)
	at com.opensymphony.xwork2.DefaultActionInvocation.invoke(DefaultActionInvocation.java:249)
	at org.apache.struts2.interceptor.FileUploadInterceptor.intercept(FileUploadInterceptor.java:320)
	at com.opensymphony.xwork2.DefaultActionInvocation.invoke(DefaultActionInvocation.java:249)
	at com.opensymphony.xwork2.interceptor.ModelDrivenInterceptor.intercept(ModelDrivenInterceptor.java:100)
	at com.opensymphony.xwork2.DefaultActionInvocation.invoke(DefaultActionInvocation.java:249)
	at com.opensymphony.xwork2.interceptor.ScopedModelDrivenInterceptor.intercept(ScopedModelDrivenInterceptor.java:141)
	at com.opensymphony.xwork2.DefaultActionInvocation.invoke(DefaultActionInvocation.java:249)
	at com.opensymphony.xwork2.interceptor.ChainingInterceptor.intercept(ChainingInterceptor.java:145)
	at com.opensymphony.xwork2.DefaultActionInvocation.invoke(DefaultActionInvocation.java:249)
	at com.opensymphony.xwork2.interceptor.PrepareInterceptor.doIntercept(PrepareInterceptor.java:171)
	at com.opensymphony.xwork2.interceptor.MethodFilterInterceptor.intercept(MethodFilterInterceptor.java:98)
	at com.opensymphony.xwork2.DefaultActionInvocation.invoke(DefaultActionInvocation.java:249)
	at com.opensymphony.xwork2.interceptor.I18nInterceptor.intercept(I18nInterceptor.java:176)
	at com.opensymphony.xwork2.DefaultActionInvocation.invoke(DefaultActionInvocation.java:249)
	at org.apache.struts2.interceptor.ServletConfigInterceptor.intercept(ServletConfigInterceptor.java:164)
	at com.opensymphony.xwork2.DefaultActionInvocation.invoke(DefaultActionInvocation.java:249)
	at com.opensymphony.xwork2.interceptor.AliasInterceptor.intercept(AliasInterceptor.java:192)
	at com.opensymphony.xwork2.DefaultActionInvocation.invoke(DefaultActionInvocation.java:249)
	at com.opensymphony.xwork2.interceptor.ExceptionMappingInterceptor.intercept(ExceptionMappingInterceptor.java:187)
	at com.opensymphony.xwork2.DefaultActionInvocation.invoke(DefaultActionInvocation.java:249)
	at web.action.privilege.PrivilegeInterceptor.intercept(PrivilegeInterceptor.java:44)
	at com.opensymphony.xwork2.DefaultActionInvocation.invoke(DefaultActionInvocation.java:249)
	at org.apache.struts2.impl.StrutsActionProxy.execute(StrutsActionProxy.java:54)
	at org.apache.struts2.dispatcher.Dispatcher.serviceAction(Dispatcher.java:511)
	at org.apache.struts2.dispatcher.ng.ExecuteOperations.executeAction(ExecuteOperations.java:77)
	at org.apache.struts2.dispatcher.ng.filter.StrutsPrepareAndExecuteFilter.doFilter(StrutsPrepareAndExecuteFilter.java:91)
	at org.apache.catalina.core.ApplicationFilterChain.internalDoFilter(ApplicationFilterChain.java:241)
	at org.apache.catalina.core.ApplicationFilterChain.doFilter(ApplicationFilterChain.java:208)
	at web.filter.PrivilegeFilter.doFilter(PrivilegeFilter.java:37)
	at org.apache.catalina.core.ApplicationFilterChain.internalDoFilter(ApplicationFilterChain.java:241)
	at org.apache.catalina.core.ApplicationFilterChain.doFilter(ApplicationFilterChain.java:208)
	at org.springframework.web.filter.CharacterEncodingFilter.doFilterInternal(CharacterEncodingFilter.java:88)
	at org.springframework.web.filter.OncePerRequestFilter.doFilter(OncePerRequestFilter.java:107)
	at org.apache.catalina.core.ApplicationFilterChain.internalDoFilter(ApplicationFilterChain.java:241)
	at org.apache.catalina.core.ApplicationFilterChain.doFilter(ApplicationFilterChain.java:208)
	at org.springframework.orm.hibernate3.support.OpenSessionInViewFilter.doFilterInternal(OpenSessionInViewFilter.java:233)
	at org.springframework.web.filter.OncePerRequestFilter.doFilter(OncePerRequestFilter.java:107)
	at org.apache.catalina.core.ApplicationFilterChain.internalDoFilter(ApplicationFilterChain.java:241)
	at org.apache.catalina.core.ApplicationFilterChain.doFilter(ApplicationFilterChain.java:208)
	at org.apache.catalina.core.StandardWrapperValve.invoke(StandardWrapperValve.java:218)
	at org.apache.catalina.core.StandardContextValve.invoke(StandardContextValve.java:122)
	at org.apache.catalina.authenticator.AuthenticatorBase.invoke(AuthenticatorBase.java:505)
	at org.apache.catalina.core.StandardHostValve.invoke(StandardHostValve.java:169)
	at org.apache.catalina.valves.ErrorReportValve.invoke(ErrorReportValve.java:103)
	at org.apache.catalina.valves.AccessLogValve.invoke(AccessLogValve.java:956)
	at org.apache.catalina.core.StandardEngineValve.invoke(StandardEngineValve.java:116)
	at org.apache.catalina.connector.CoyoteAdapter.service(CoyoteAdapter.java:442)
	at org.apache.coyote.http11.AbstractHttp11Processor.process(AbstractHttp11Processor.java:1082)
	at org.apache.coyote.AbstractProtocol$AbstractConnectionHandler.process(AbstractProtocol.java:623)
	at org.apache.tomcat.util.net.AprEndpoint$SocketProcessor.doRun(AprEndpoint.java:2517)
	at org.apache.tomcat.util.net.AprEndpoint$SocketProcessor.run(AprEndpoint.java:2506)
	at java.util.concurrent.ThreadPoolExecutor.runWorker(ThreadPoolExecutor.java:1145)
	at java.util.concurrent.ThreadPoolExecutor$Worker.run(ThreadPoolExecutor.java:615)
	at org.apache.tomcat.util.threads.TaskThread$WrappingRunnable.run(TaskThread.java:61)
	at java.lang.Thread.run(Thread.java:722)
2017-07-01 16:39:55,881 - ResourceManager : found product/productview.html with loader org.apache.velocity.runtime.resource.loader.FileResourceLoader
2017-07-01 16:40:00,466 - ResourceManager : found product/productview.html with loader org.apache.velocity.runtime.resource.loader.FileResourceLoader
2017-07-01 16:40:00,473 - Null reference [template 'product/productview.html', line 112, column 112] : $color.id cannot be resolved.
2017-07-01 16:40:00,473 - Null reference [template 'product/productview.html', line 112, column 112] : $color.id cannot be resolved.
2017-07-03 16:44:31,526 - Log4JLogChute initialized using file 'D:\workstation\babasports\WebRoot\WEB-INF\log\velocity.log'
2017-07-03 16:44:31,562 - Initializing Velocity, Calling init()...
2017-07-03 16:44:31,562 - Starting Apache Velocity v1.7 (compiled: 2010-11-19 12:14:37)
2017-07-03 16:44:31,562 - Default Properties File: org\apache\velocity\runtime\defaults\velocity.properties
2017-07-03 16:44:31,562 - Trying to use logger class org.apache.velocity.runtime.log.AvalonLogChute
2017-07-03 16:44:31,562 - Target log system for org.apache.velocity.runtime.log.AvalonLogChute is not available (java.lang.NoClassDefFoundError: org/apache/log/format/Formatter).  Falling back to next log system...
2017-07-03 16:44:31,562 - Trying to use logger class org.apache.velocity.runtime.log.Log4JLogChute
2017-07-03 16:44:31,563 - Using logger class org.apache.velocity.runtime.log.Log4JLogChute
2017-07-03 16:44:31,587 - ResourceLoader instantiated: org.apache.velocity.runtime.resource.loader.FileResourceLoader
2017-07-03 16:44:31,595 - Do unicode file recognition:  false
2017-07-03 16:44:31,595 - FileResourceLoader : adding path 'D:\workstation\babasports\WebRoot\WEB-INF\vm'
2017-07-03 16:44:31,612 - ResourceCache: initialized (class org.apache.velocity.runtime.resource.ResourceCacheImpl) with class java.util.Collections$SynchronizedMap cache map.
2017-07-03 16:44:31,619 - Loaded System Directive: org.apache.velocity.runtime.directive.Stop
2017-07-03 16:44:31,626 - Loaded System Directive: org.apache.velocity.runtime.directive.Define
2017-07-03 16:44:31,630 - Loaded System Directive: org.apache.velocity.runtime.directive.Break
2017-07-03 16:44:31,634 - Loaded System Directive: org.apache.velocity.runtime.directive.Evaluate
2017-07-03 16:44:31,637 - Loaded System Directive: org.apache.velocity.runtime.directive.Literal
2017-07-03 16:44:31,645 - Loaded System Directive: org.apache.velocity.runtime.directive.Macro
2017-07-03 16:44:31,651 - Loaded System Directive: org.apache.velocity.runtime.directive.Parse
2017-07-03 16:44:31,658 - Loaded System Directive: org.apache.velocity.runtime.directive.Include
2017-07-03 16:44:31,663 - Loaded System Directive: org.apache.velocity.runtime.directive.Foreach
2017-07-03 16:44:31,784 - Created '20' parsers.
2017-07-03 16:44:31,810 - Velocimacro : "velocimacro.library" is not set.  Trying default library: VM_global_library.vm
2017-07-03 16:44:31,811 - Velocimacro : Default library not found.
2017-07-03 16:44:31,811 - Velocimacro : allowInline = true : VMs can be defined inline in templates
2017-07-03 16:44:31,811 - Velocimacro : allowInlineToOverride = false : VMs defined inline may NOT replace previous VM definitions
2017-07-03 16:44:31,811 - Velocimacro : allowInlineLocal = false : VMs defined inline will be global in scope if allowed.
2017-07-03 16:44:31,811 - Velocimacro : autoload off : VM system will not automatically reload global library macros
2017-07-03 16:48:49,815 - Log4JLogChute initialized using file 'D:\workstation\babasports\WebRoot\WEB-INF\log\velocity.log'
2017-07-03 16:48:49,817 - Initializing Velocity, Calling init()...
2017-07-03 16:48:49,817 - Starting Apache Velocity v1.7 (compiled: 2010-11-19 12:14:37)
2017-07-03 16:48:49,817 - Default Properties File: org\apache\velocity\runtime\defaults\velocity.properties
2017-07-03 16:48:49,817 - Trying to use logger class org.apache.velocity.runtime.log.AvalonLogChute
2017-07-03 16:48:49,818 - Target log system for org.apache.velocity.runtime.log.AvalonLogChute is not available (java.lang.NoClassDefFoundError: org/apache/log/format/Formatter).  Falling back to next log system...
2017-07-03 16:48:49,818 - Trying to use logger class org.apache.velocity.runtime.log.Log4JLogChute
2017-07-03 16:48:49,818 - Using logger class org.apache.velocity.runtime.log.Log4JLogChute
2017-07-03 16:48:49,842 - ResourceLoader instantiated: org.apache.velocity.runtime.resource.loader.FileResourceLoader
2017-07-03 16:48:49,848 - Do unicode file recognition:  false
2017-07-03 16:48:49,849 - FileResourceLoader : adding path 'D:\workstation\babasports\WebRoot\WEB-INF\vm'
2017-07-03 16:48:49,864 - ResourceCache: initialized (class org.apache.velocity.runtime.resource.ResourceCacheImpl) with class java.util.Collections$SynchronizedMap cache map.
2017-07-03 16:48:49,872 - Loaded System Directive: org.apache.velocity.runtime.directive.Stop
2017-07-03 16:48:49,878 - Loaded System Directive: org.apache.velocity.runtime.directive.Define
2017-07-03 16:48:49,882 - Loaded System Directive: org.apache.velocity.runtime.directive.Break
2017-07-03 16:48:49,886 - Loaded System Directive: org.apache.velocity.runtime.directive.Evaluate
2017-07-03 16:48:49,889 - Loaded System Directive: org.apache.velocity.runtime.directive.Literal
2017-07-03 16:48:49,896 - Loaded System Directive: org.apache.velocity.runtime.directive.Macro
2017-07-03 16:48:49,901 - Loaded System Directive: org.apache.velocity.runtime.directive.Parse
2017-07-03 16:48:49,908 - Loaded System Directive: org.apache.velocity.runtime.directive.Include
2017-07-03 16:48:49,913 - Loaded System Directive: org.apache.velocity.runtime.directive.Foreach
2017-07-03 16:48:51,611 - Created '20' parsers.
2017-07-03 16:48:51,685 - Velocimacro : "velocimacro.library" is not set.  Trying default library: VM_global_library.vm
2017-07-03 16:48:51,686 - Velocimacro : Default library not found.
2017-07-03 16:48:51,686 - Velocimacro : allowInline = true : VMs can be defined inline in templates
2017-07-03 16:48:51,686 - Velocimacro : allowInlineToOverride = false : VMs defined inline may NOT replace previous VM definitions
2017-07-03 16:48:51,686 - Velocimacro : allowInlineLocal = false : VMs defined inline will be global in scope if allowed.
2017-07-03 16:48:51,686 - Velocimacro : autoload off : VM system will not automatically reload global library macros
2017-07-03 16:48:51,757 - ResourceManager : found mailContent.html with loader org.apache.velocity.runtime.resource.loader.FileResourceLoader
2017-07-03 16:49:51,938 - ResourceManager : found mailContent.html with loader org.apache.velocity.runtime.resource.loader.FileResourceLoader
2017-07-03 17:05:32,102 - Log4JLogChute initialized using file 'D:\workstation\babasports\WebRoot\WEB-INF\log\velocity.log'
2017-07-03 17:05:32,103 - Initializing Velocity, Calling init()...
2017-07-03 17:05:32,103 - Starting Apache Velocity v1.7 (compiled: 2010-11-19 12:14:37)
2017-07-03 17:05:32,103 - Default Properties File: org\apache\velocity\runtime\defaults\velocity.properties
2017-07-03 17:05:32,103 - Trying to use logger class org.apache.velocity.runtime.log.AvalonLogChute
2017-07-03 17:05:32,103 - Target log system for org.apache.velocity.runtime.log.AvalonLogChute is not available (java.lang.NoClassDefFoundError: org/apache/log/format/Formatter).  Falling back to next log system...
2017-07-03 17:05:32,103 - Trying to use logger class org.apache.velocity.runtime.log.Log4JLogChute
2017-07-03 17:05:32,103 - Using logger class org.apache.velocity.runtime.log.Log4JLogChute
2017-07-03 17:05:32,127 - ResourceLoader instantiated: org.apache.velocity.runtime.resource.loader.FileResourceLoader
2017-07-03 17:05:32,134 - Do unicode file recognition:  false
2017-07-03 17:05:32,134 - FileResourceLoader : adding path 'D:\workstation\babasports\WebRoot\WEB-INF\vm'
2017-07-03 17:05:32,151 - ResourceCache: initialized (class org.apache.velocity.runtime.resource.ResourceCacheImpl) with class java.util.Collections$SynchronizedMap cache map.
2017-07-03 17:05:32,159 - Loaded System Directive: org.apache.velocity.runtime.directive.Stop
2017-07-03 17:05:32,165 - Loaded System Directive: org.apache.velocity.runtime.directive.Define
2017-07-03 17:05:32,168 - Loaded System Directive: org.apache.velocity.runtime.directive.Break
2017-07-03 17:05:32,171 - Loaded System Directive: org.apache.velocity.runtime.directive.Evaluate
2017-07-03 17:05:32,175 - Loaded System Directive: org.apache.velocity.runtime.directive.Literal
2017-07-03 17:05:32,182 - Loaded System Directive: org.apache.velocity.runtime.directive.Macro
2017-07-03 17:05:32,187 - Loaded System Directive: org.apache.velocity.runtime.directive.Parse
2017-07-03 17:05:32,195 - Loaded System Directive: org.apache.velocity.runtime.directive.Include
2017-07-03 17:05:32,199 - Loaded System Directive: org.apache.velocity.runtime.directive.Foreach
2017-07-03 17:05:32,321 - Created '20' parsers.
2017-07-03 17:05:32,347 - Velocimacro : "velocimacro.library" is not set.  Trying default library: VM_global_library.vm
2017-07-03 17:05:32,348 - Velocimacro : Default library not found.
2017-07-03 17:05:32,348 - Velocimacro : allowInline = true : VMs can be defined inline in templates
2017-07-03 17:05:32,348 - Velocimacro : allowInlineToOverride = false : VMs defined inline may NOT replace previous VM definitions
2017-07-03 17:05:32,348 - Velocimacro : allowInlineLocal = false : VMs defined inline will be global in scope if allowed.
2017-07-03 17:05:32,348 - Velocimacro : autoload off : VM system will not automatically reload global library macros
2017-07-03 17:05:32,415 - ResourceManager : found mailContent.html with loader org.apache.velocity.runtime.resource.loader.FileResourceLoader
2017-07-03 17:07:19,293 - ResourceManager : found mailContent.html with loader org.apache.velocity.runtime.resource.loader.FileResourceLoader
2017-07-03 17:48:26,533 - Log4JLogChute initialized using file 'D:\workstation\babasports\WebRoot\WEB-INF\log\velocity.log'
2017-07-03 17:48:26,546 - Initializing Velocity, Calling init()...
2017-07-03 17:48:26,546 - Starting Apache Velocity v1.7 (compiled: 2010-11-19 12:14:37)
2017-07-03 17:48:26,546 - Default Properties File: org\apache\velocity\runtime\defaults\velocity.properties
2017-07-03 17:48:26,546 - Trying to use logger class org.apache.velocity.runtime.log.AvalonLogChute
2017-07-03 17:48:26,546 - Target log system for org.apache.velocity.runtime.log.AvalonLogChute is not available (java.lang.NoClassDefFoundError: org/apache/log/format/Formatter).  Falling back to next log system...
2017-07-03 17:48:26,546 - Trying to use logger class org.apache.velocity.runtime.log.Log4JLogChute
2017-07-03 17:48:26,546 - Using logger class org.apache.velocity.runtime.log.Log4JLogChute
2017-07-03 17:48:26,571 - ResourceLoader instantiated: org.apache.velocity.runtime.resource.loader.FileResourceLoader
2017-07-03 17:48:26,578 - Do unicode file recognition:  false
2017-07-03 17:48:26,578 - FileResourceLoader : adding path 'D:\workstation\babasports\WebRoot\WEB-INF\vm'
2017-07-03 17:48:26,596 - ResourceCache: initialized (class org.apache.velocity.runtime.resource.ResourceCacheImpl) with class java.util.Collections$SynchronizedMap cache map.
2017-07-03 17:48:26,604 - Loaded System Directive: org.apache.velocity.runtime.directive.Stop
2017-07-03 17:48:26,613 - Loaded System Directive: org.apache.velocity.runtime.directive.Define
2017-07-03 17:48:26,617 - Loaded System Directive: org.apache.velocity.runtime.directive.Break
2017-07-03 17:48:26,621 - Loaded System Directive: org.apache.velocity.runtime.directive.Evaluate
2017-07-03 17:48:26,625 - Loaded System Directive: org.apache.velocity.runtime.directive.Literal
2017-07-03 17:48:26,632 - Loaded System Directive: org.apache.velocity.runtime.directive.Macro
2017-07-03 17:48:26,638 - Loaded System Directive: org.apache.velocity.runtime.directive.Parse
2017-07-03 17:48:26,647 - Loaded System Directive: org.apache.velocity.runtime.directive.Include
2017-07-03 17:48:26,653 - Loaded System Directive: org.apache.velocity.runtime.directive.Foreach
2017-07-03 17:48:26,816 - Created '20' parsers.
2017-07-03 17:48:26,846 - Velocimacro : "velocimacro.library" is not set.  Trying default library: VM_global_library.vm
2017-07-03 17:48:26,847 - Velocimacro : Default library not found.
2017-07-03 17:48:26,847 - Velocimacro : allowInline = true : VMs can be defined inline in templates
2017-07-03 17:48:26,847 - Velocimacro : allowInlineToOverride = false : VMs defined inline may NOT replace previous VM definitions
2017-07-03 17:48:26,847 - Velocimacro : allowInlineLocal = false : VMs defined inline will be global in scope if allowed.
2017-07-03 17:48:26,847 - Velocimacro : autoload off : VM system will not automatically reload global library macros
2017-07-03 17:48:26,932 - ResourceManager : found mailContent.html with loader org.apache.velocity.runtime.resource.loader.FileResourceLoader
